#
# A fatal error has been detected by the Java Runtime Environment:
#
#  EXCEPTION_ACCESS_VIOLATION (0xc0000005) at pc=0x00007ffb029926c4, pid=18176, tid=23424
#
# JRE version: Java(TM) SE Runtime Environment (24.0.1+9) (build 24.0.1+9-30)
# Java VM: Java HotSpot(TM) 64-Bit Server VM (24.0.1+9-30, mixed mode, emulated-client, sharing, tiered, compressed oops, compressed class ptrs, g1 gc, windows-amd64)
# Problematic frame:
# C  [libasyncProfiler.dll+0x926c4]
#
# No core dump will be written. Minidumps are not enabled by default on client versions of Windows
#
# JFR recording file will be written. Location: C:\Users\User\Documents\workspace\kafka\notification-system\hs_err_pid18176.jfr
#
# If you would like to submit a bug report, please visit:
#   https://bugreport.java.com/bugreport/crash.jsp
# The crash happened outside the Java Virtual Machine in native code.
# See problematic frame for where to report the bug.
#

---------------  S U M M A R Y ------------

Command Line: -XX:TieredStopAtLevel=1 -Dspring.output.ansi.enabled=always -Dcom.sun.management.jmxremote -Dspring.jmx.enabled=true -Dspring.liveBeansView.mbeanDomain -Dspring.application.admin.enabled=true -Dmanagement.endpoints.jmx.exposure.include=* -javaagent:C:\Users\User\AppData\Local\Programs\IntelliJ IDEA Ultimate\lib\idea_rt.jar=59433 -Dfile.encoding=UTF-8 -Dsun.stdout.encoding=UTF-8 -Dsun.stderr.encoding=UTF-8 com.keniding.notificationSystem.NotificationSystemApplication

Host: AMD Ryzen 5 7520U with Radeon Graphics         , 8 cores, 13G,  Windows 10 , 64 bit Build 19041 (10.0.19041.5915)
Time: Fri Jun  6 18:59:07 2025 Hora est. Pacífico, Sudamérica elapsed time: 8.316788 seconds (0d 0h 0m 8s)

---------------  T H R E A D  ---------------

Current thread (0x000001a0ce3f1c60):  JavaThread "Attach Listener" daemon [_thread_in_native, id=23424, stack(0x0000001046c00000,0x0000001046d00000) (1024K)]

Stack: [0x0000001046c00000,0x0000001046d00000],  sp=0x0000001046cff0b0,  free space=1020k
Native frames: (J=compiled Java code, j=interpreted, Vv=VM code, C=native code)
C  [libasyncProfiler.dll+0x926c4]  (no source info available)
C  [libasyncProfiler.dll+0x92b9b]  (no source info available)
C  [libasyncProfiler.dll+0x917f4]  (no source info available)
C  [libasyncProfiler.dll+0x9206a]  (no source info available)
C  [libasyncProfiler.dll+0x8cc21]  (no source info available)
C  [libasyncProfiler.dll+0x7e5e1]  (no source info available)
C  [libasyncProfiler.dll+0x7d2f8]  (no source info available)
C  [libasyncProfiler.dll+0x7d1e0]  (no source info available)
C  [libasyncProfiler.dll+0x841b9]  (no source info available)
V  [jvm.dll+0x57eff7]  (no source info available)
V  [jvm.dll+0x57fdac]  (no source info available)
V  [jvm.dll+0x14ca17]  (no source info available)
V  [jvm.dll+0x14dfe1]  (no source info available)
V  [jvm.dll+0x42f456]  (no source info available)
V  [jvm.dll+0x87d76b]  (no source info available)
V  [jvm.dll+0x72ee55]  (no source info available)
C  [ucrtbase.dll+0x21bb2]  (no source info available)
C  [KERNEL32.DLL+0x17374]  (no source info available)
C  [ntdll.dll+0x4cc91]  (no source info available)


siginfo: EXCEPTION_ACCESS_VIOLATION (0xc0000005), reading address 0xffffffffffffffff


Registers:
RAX=0x0000000000000010, RBX=0x0000000000000000, RCX=0xffffffffffffffff, RDX=0x007ffaf3dc301010
RSP=0x0000001046cff0b0, RBP=0x000001a1141af138, RSI=0x0000001046cff220, RDI=0x000001a1141af138
R8 =0x0000000000000042, R9 =0x00000007ffc0cf40, R10=0x00007ffaf4039fb0, R11=0x000000000000000e
R12=0x0000001046cff220, R13=0x000001a1156686e0, R14=0x000001a0ce3f2028, R15=0x000001a0ce3f2028
RIP=0x00007ffb029926c4, EFLAGS=0x0000000000010202

XMM[0]=0x0000000000000000 0x0000000000000000
XMM[1]=0x0000000000000000 0x0000000000000000
XMM[2]=0x0000000000000000 0x0000000000000000
XMM[3]=0x0000000000000000 0x0000000000000000
XMM[4]=0x0000000000000000 0x0000000000000000
XMM[5]=0x0000000000000000 0x0000000000000000
XMM[6]=0x0000000000000000 0x0000000000000000
XMM[7]=0x0000000000000000 0x0000000000000000
XMM[8]=0x0000000000000000 0x0000000000000000
XMM[9]=0x0000000000000000 0x0000000000000000
XMM[10]=0x0000000000000000 0x0000000000000000
XMM[11]=0x0000000000000000 0x0000000000000000
XMM[12]=0x0000000000000000 0x0000000000000000
XMM[13]=0x0000000000000000 0x0000000000000000
XMM[14]=0x0000000000000000 0x0000000000000000
XMM[15]=0x0000000000000000 0x0000000000000000
  MXCSR=0x00001fa0


Register to memory mapping:

RAX=0x0000000000000010 is an unknown value
RBX=0x0 is null
RCX=0xffffffffffffffff is an unknown value
RDX=0x007ffaf3dc301010 is an unknown value
RSP=0x0000001046cff0b0 is pointing into the stack for thread: 0x000001a0ce3f1c60
RBP=0x000001a1141af138 points into unknown readable memory: 0x00000007ffc0cf40 | 40 cf c0 ff 07 00 00 00
RSI=0x0000001046cff220 is pointing into the stack for thread: 0x000001a0ce3f1c60
RDI=0x000001a1141af138 points into unknown readable memory: 0x00000007ffc0cf40 | 40 cf c0 ff 07 00 00 00
R8 =0x0000000000000042 is an unknown value
R9 =0x00000007ffc0cf40 is an oop: java.lang.ref.Reference$ReferenceHandler 
{0x00000007ffc0cf40} - klass: 'java/lang/ref/Reference$ReferenceHandler' - flags: 

 - ---- fields (total size 14 words):
 - 'threadLocalRandomProbe' 'I' @12  0 (0x00000000)
 - private volatile 'eetop' 'J' @16  1790166601584 (0x000001a0ce3e8f70)
 - private final 'tid' 'J' @24  14 (0x000000000000000e)
 - 'threadLocalRandomSeed' 'J' @32  0 (0x0000000000000000)
 - injected 'jvmti_thread_state' 'J' @40  1791358873552 (0x000001a1154f2fd0)
 - 'threadLocalRandomSecondarySeed' 'I' @48  0 (0x00000000)
 - injected 'jvmti_VTMS_transition_disable_count' 'I' @52  0 (0x00000000)
 - injected 'jfr_epoch' 'S' @56  0 (0x0000)
 - volatile 'interrupted' 'Z' @58  false (0x00)
 - injected 'jvmti_is_in_VTMS_transition' 'Z' @59  false (0x00)
 - private volatile 'name' 'Ljava/lang/String;' @60  "Reference Handler"{0x0000000722e88900} (0xe45d1120)
 - private volatile 'contextClassLoader' 'Ljava/lang/ClassLoader;' @64  null (0x00000000)
 - private final 'holder' 'Ljava/lang/Thread$FieldHolder;' @68  a 'java/lang/Thread$FieldHolder'{0x00000007ff921f98} (0xfff243f3)
 - 'threadLocals' 'Ljava/lang/ThreadLocal$ThreadLocalMap;' @72  null (0x00000000)
 - 'inheritableThreadLocals' 'Ljava/lang/ThreadLocal$ThreadLocalMap;' @76  null (0x00000000)
 - private 'scopedValueBindings' 'Ljava/lang/Object;' @80  a 'java/lang/Class'{0x0000000722e231f8} = 'java/lang/Thread' (0xe45c463f)
 - final 'interruptLock' 'Ljava/lang/Object;' @84  a 'java/lang/Object'{0x00000007ff921f88} (0xfff243f1)
 - private volatile 'parkBlocker' 'Ljava/lang/Object;' @88  null (0x00000000)
 - private 'nioBlocker' 'Lsun/nio/ch/Interruptible;' @92  null (0x00000000)
 - private 'cont' 'Ljdk/internal/vm/Continuation;' @96  null (0x00000000)
 - private volatile 'uncaughtExceptionHandler' 'Ljava/lang/Thread$UncaughtExceptionHandler;' @100  null (0x00000000)
 - private 'container' 'Ljdk/internal/vm/ThreadContainer;' @104  null (0x00000000)
 - private volatile 'headStackableScopes' 'Ljdk/internal/vm/StackableScope;' @108  null (0x00000000)
R10=0x00007ffaf4039fb0 jvm.dll
R11=0x000000000000000e is an unknown value
R12=0x0000001046cff220 is pointing into the stack for thread: 0x000001a0ce3f1c60
R13=0x000001a1156686e0 points into unknown readable memory: 0x00007ffaf3faa510 | 10 a5 fa f3 fa 7f 00 00
R14=0x000001a0ce3f2028 points into unknown readable memory: 0x00007ffaf3fa17b0 | b0 17 fa f3 fa 7f 00 00
R15=0x000001a0ce3f2028 points into unknown readable memory: 0x00007ffaf3fa17b0 | b0 17 fa f3 fa 7f 00 00

Top of Stack: (sp=0x0000001046cff0b0)
0x0000001046cff0b0:   0000001046cff220 000001a1141af138    ..F....8.......
0x0000001046cff0c0:   0000000000000000 000001a0ce3f23b0   .........#?.....
0x0000001046cff0d0:   0000000000000036 00007ffb02992b9b   6........+......
0x0000001046cff0e0:   0000000000000000 000001a0ce3f2028   ........( ?.....
0x0000001046cff0f0:   0000001046cff201 0000000000000000   ...F............
0x0000001046cff100:   000001a1142df730 00007ffb029917f4   0.-.............
0x0000001046cff110:   0000000000000000 0000000000000036   ........6.......
0x0000001046cff120:   0000000000000000 0000000000000036   ........6.......
0x0000001046cff130:   0000001e00000000 000001a115364700   .........G6.....
0x0000001046cff140:   000001a1142df730 000001a1142df808   0.-.......-.....
0x0000001046cff150:   000001a1142df82c 0000000000006478   ,.-.....xd......
0x0000001046cff160:   0000000000000000 0000000000000000   ................
0x0000001046cff170:   0000000000000000 00007ffaf38057d4   .........W......
0x0000001046cff180:   00007ffb02ad4ca0 0000000000004700   .L.......G......
0x0000001046cff190:   00007ffb02ad4ca0 00000000ffffffff   .L..............
0x0000001046cff1a0:   0000000000000000 00007ffb0299206a   ........j ......
0x0000001046cff1b0:   000001a0ce3f2028 0000000000000000   ( ?.............
0x0000001046cff1c0:   0000001046cff229 000001a1156686e0   )..F......f.....
0x0000001046cff1d0:   0000000000000003 0000000000000048   ........H.......
0x0000001046cff1e0:   0000000800800310 0000000000000020   ........ .......
0x0000001046cff1f0:   000001a0ce3f2028 00007ffb02ad4ca0   ( ?......L......
0x0000001046cff200:   000001a0ce29d8d0 000001a1154f2fd0   ..)....../O.....
0x0000001046cff210:   0000000800800390 000001a0ce3f2028   ........( ?.....
0x0000001046cff220:   000001a1142dff80 000001a1142e0640   ..-.....@.......
0x0000001046cff230:   000001a1142e0640 00007ffb02ad4ca0   @........L......
0x0000001046cff240:   0000001046cff3b8 000001a0b94f0000   ...F......O.....
0x0000001046cff250:   0000001046cff4f0 0000000000008840   ...F....@.......
0x0000001046cff260:   0000001046cff6d0 00007ffb02ad4cf0   ...F.....L......
0x0000001046cff270:   0000000000989680 0000000000989680   ................
0x0000001046cff280:   0000001046cff390 00007ffb0298cc21   ...F....!.......
0x0000001046cff290:   00007ffb02ad4ca0 00007ffb02ad4cf8   .L.......L......
0x0000001046cff2a0:   00007ffb00000000 00007ffa00000001   ................

Instructions: (pc=0x00007ffb029926c4)
  0x00007ffb029925c4:   cc cc cc cc cc cc cc cc cc cc cc cc cc cc cc cc
  0x00007ffb029925d4:   cc cc cc cc cc cc cc cc cc cc cc cc cc cc cc cc
  0x00007ffb029925e4:   cc cc cc cc cc cc cc cc cc cc cc cc cc cc cc cc
  0x00007ffb029925f4:   cc cc cc cc cc cc cc cc cc cc cc cc cc cc cc cc
  0x00007ffb02992604:   cc cc cc cc cc cc cc cc cc cc cc cc cc cc cc cc
  0x00007ffb02992614:   cc cc cc cc cc cc cc cc cc cc cc cc cc cc cc cc
  0x00007ffb02992624:   cc cc cc cc cc cc cc cc cc cc cc cc cc cc cc cc
  0x00007ffb02992634:   cc cc cc cc cc cc cc cc cc cc cc cc cc cc cc cc
  0x00007ffb02992644:   cc cc cc cc cc cc cc cc cc cc cc cc 40 57 48 83
  0x00007ffb02992654:   ec 20 48 8b f9 48 8b 0d 10 28 14 00 48 85 c9 74
  0x00007ffb02992664:   20 48 8b 01 48 8d 54 24 38 41 b8 06 00 01 00 4c
  0x00007ffb02992674:   8b 48 30 41 ff d1 85 c0 75 07 48 8b 4c 24 38 eb
  0x00007ffb02992684:   02 33 c9 4c 8b 05 ea 28 14 00 48 89 5c 24 30 4d
  0x00007ffb02992694:   85 c0 74 4a 48 8b 01 48 8b d7 4c 8b 88 28 03 00
  0x00007ffb029926a4:   00 41 ff d1 48 85 c0 74 35 48 63 0d f8 e6 13 00
  0x00007ffb029926b4:   48 8b 14 01 48 85 d2 74 15 48 63 05 fc e6 13 00
=>0x00007ffb029926c4:   8b 04 10 48 8b 5c 24 30 48 83 c4 20 5f c3 b8 ff
  0x00007ffb029926d4:   ff ff ff 48 8b 5c 24 30 48 83 c4 20 5f c3 80 3d
  0x00007ffb029926e4:   9b 27 14 00 00 bb ff ff ff ff 74 20 4c 8b 0d 31
  0x00007ffb029926f4:   24 14 00 4c 8d 44 24 38 48 8b 0d 15 24 14 00 48
  0x00007ffb02992704:   8b d7 41 ff d1 85 c0 0f 44 5c 24 38 8b c3 48 8b
  0x00007ffb02992714:   5c 24 30 48 83 c4 20 5f c3 cc cc cc cc cc cc cc
  0x00007ffb02992724:   cc cc cc cc cc cc cc cc cc cc cc cc cc cc cc cc
  0x00007ffb02992734:   cc cc cc cc cc cc cc cc cc cc cc cc cc cc cc cc
  0x00007ffb02992744:   cc cc cc cc cc cc cc cc cc cc cc cc 48 89 54 24
  0x00007ffb02992754:   10 53 55 56 57 41 56 41 57 48 83 ec 28 48 8b f2
  0x00007ffb02992764:   4c 8b f1 48 89 4c 24 78 45 33 ff 44 89 7c 24 68
  0x00007ffb02992774:   c7 44 24 60 01 00 00 00 48 8d 4c 24 68 e8 ed 42
  0x00007ffb02992784:   f7 ff 8b d8 48 8d 4c 24 60 e8 e1 42 f7 ff 8b e8
  0x00007ffb02992794:   49 8b ce e8 00 fc f6 ff 48 8b f8 90 8b c3 f0 0f
  0x00007ffb029927a4:   b1 2f 74 04 f3 90 eb f4 4c 89 3e 4c 89 7e 08 4c
  0x00007ffb029927b4:   89 7e 10 49 8b 6e 08 4d 8b 76 10 49 3b ee 0f 84


Stack slot to memory mapping:

stack at sp + 0 slots: 0x0000001046cff220 is pointing into the stack for thread: 0x000001a0ce3f1c60
stack at sp + 1 slots: 0x000001a1141af138 points into unknown readable memory: 0x00000007ffc0cf40 | 40 cf c0 ff 07 00 00 00
stack at sp + 2 slots: 0x0 is null
stack at sp + 3 slots: 0x000001a0ce3f23b0 points into unknown readable memory: 0x6e616c2e6176616a | 6a 61 76 61 2e 6c 61 6e
stack at sp + 4 slots: 0x0000000000000036 is an unknown value
stack at sp + 5 slots: 0x00007ffb02992b9b libasyncProfiler.dll
stack at sp + 6 slots: 0x0 is null
stack at sp + 7 slots: 0x000001a0ce3f2028 points into unknown readable memory: 0x00007ffaf3fa17b0 | b0 17 fa f3 fa 7f 00 00

Lock stack of current Java thread (top to bottom):


---------------  P R O C E S S  ---------------

Threads class SMR info:
_java_thread_list=0x000001a1153490b0, length=35, elements={
0x000001a0ce3e8f70, 0x000001a0ce3e9a70, 0x000001a0ce3efb10, 0x000001a0ce3f1c60,
0x000001a0ce3f2da0, 0x000001a0ce3f3ce0, 0x000001a0ce3f4c20, 0x000001a0ce517370,
0x000001a0ce514ee0, 0x000001a0ce517ac0, 0x000001a0ce515630, 0x000001a0ce515d80,
0x000001a0ce5164d0, 0x000001a0ce514790, 0x000001a0ce516c20, 0x000001a114d3f6c0,
0x000001a114d3d980, 0x000001a114d43890, 0x000001a114d3e820, 0x000001a114d3d230,
0x000001a114d43fe0, 0x000001a114d3fe10, 0x000001a114d44730, 0x000001a114d3e0d0,
0x000001a114d3ef70, 0x000001a114d40560, 0x000001a114d40cb0, 0x000001a114d41b50,
0x000001a114d41400, 0x000001a114d422a0, 0x000001a114d43140, 0x000001a117085270,
0x000001a115780a80, 0x000001a114087b30, 0x000001a1170859c0
}

Java Threads: ( => current thread )
  0x000001a0ce3e8f70 JavaThread "Reference Handler"          daemon [_thread_blocked, id=26304, stack(0x0000001046900000,0x0000001046a00000) (1024K)]
  0x000001a0ce3e9a70 JavaThread "Finalizer"                  daemon [_thread_blocked, id=24300, stack(0x0000001046a00000,0x0000001046b00000) (1024K)]
  0x000001a0ce3efb10 JavaThread "Signal Dispatcher"          daemon [_thread_blocked, id=21460, stack(0x0000001046b00000,0x0000001046c00000) (1024K)]
=>0x000001a0ce3f1c60 JavaThread "Attach Listener"            daemon [_thread_in_native, id=23424, stack(0x0000001046c00000,0x0000001046d00000) (1024K)]
  0x000001a0ce3f2da0 JavaThread "Service Thread"             daemon [_thread_blocked, id=8448, stack(0x0000001046d00000,0x0000001046e00000) (1024K)]
  0x000001a0ce3f3ce0 JavaThread "Monitor Deflation Thread"   daemon [_thread_blocked, id=7548, stack(0x0000001046e00000,0x0000001046f00000) (1024K)]
  0x000001a0ce3f4c20 JavaThread "C1 CompilerThread0"         daemon [_thread_blocked, id=15676, stack(0x0000001046f00000,0x0000001047000000) (1024K)]
  0x000001a0ce517370 JavaThread "Common-Cleaner"             daemon [_thread_blocked, id=12180, stack(0x0000001047100000,0x0000001047200000) (1024K)]
  0x000001a0ce514ee0 JavaThread "Monitor Ctrl-Break"         daemon [_thread_in_native, id=18684, stack(0x0000001047300000,0x0000001047400000) (1024K)]
  0x000001a0ce517ac0 JavaThread "Notification Thread"        daemon [_thread_blocked, id=3228, stack(0x0000001047400000,0x0000001047500000) (1024K)]
  0x000001a0ce515630 JavaThread "RMI TCP Accept-0"           daemon [_thread_in_native, id=15124, stack(0x0000001047600000,0x0000001047700000) (1024K)]
  0x000001a0ce515d80 JavaThread "RMI TCP Connection(1)-10.247.14.23" daemon [_thread_in_native, id=1608, stack(0x0000001047700000,0x0000001047800000) (1024K)]
  0x000001a0ce5164d0 JavaThread "RMI Scheduler(0)"           daemon [_thread_blocked, id=18024, stack(0x0000001047800000,0x0000001047900000) (1024K)]
  0x000001a0ce514790 JavaThread "JMX server connection timeout 31" daemon [_thread_blocked, id=20152, stack(0x0000001047900000,0x0000001047a00000) (1024K)]
  0x000001a0ce516c20 JavaThread "RMI TCP Connection(2)-10.247.14.23" daemon [_thread_in_native, id=13316, stack(0x0000001047a00000,0x0000001047b00000) (1024K)]
  0x000001a114d3f6c0 JavaThread "Catalina-utility-1"                [_thread_blocked, id=5124, stack(0x0000001048300000,0x0000001048400000) (1024K)]
  0x000001a114d3d980 JavaThread "Catalina-utility-2"                [_thread_blocked, id=26700, stack(0x0000001048400000,0x0000001048500000) (1024K)]
  0x000001a114d43890 JavaThread "container-0"                       [_thread_blocked, id=20796, stack(0x0000001048500000,0x0000001048600000) (1024K)]
  0x000001a114d3e820 JavaThread "http-nio-8080-exec-1"       daemon [_thread_blocked, id=9980, stack(0x0000001048600000,0x0000001048700000) (1024K)]
  0x000001a114d3d230 JavaThread "http-nio-8080-exec-2"       daemon [_thread_blocked, id=7572, stack(0x0000001048700000,0x0000001048800000) (1024K)]
  0x000001a114d43fe0 JavaThread "http-nio-8080-exec-3"       daemon [_thread_blocked, id=11420, stack(0x0000001048800000,0x0000001048900000) (1024K)]
  0x000001a114d3fe10 JavaThread "http-nio-8080-exec-4"       daemon [_thread_blocked, id=14988, stack(0x0000001048900000,0x0000001048a00000) (1024K)]
  0x000001a114d44730 JavaThread "http-nio-8080-exec-5"       daemon [_thread_blocked, id=23872, stack(0x0000001048a00000,0x0000001048b00000) (1024K)]
  0x000001a114d3e0d0 JavaThread "http-nio-8080-exec-6"       daemon [_thread_blocked, id=18004, stack(0x0000001048b00000,0x0000001048c00000) (1024K)]
  0x000001a114d3ef70 JavaThread "http-nio-8080-exec-7"       daemon [_thread_blocked, id=14244, stack(0x0000001048c00000,0x0000001048d00000) (1024K)]
  0x000001a114d40560 JavaThread "http-nio-8080-exec-8"       daemon [_thread_blocked, id=22196, stack(0x0000001048d00000,0x0000001048e00000) (1024K)]
  0x000001a114d40cb0 JavaThread "http-nio-8080-exec-9"       daemon [_thread_blocked, id=16864, stack(0x0000001048e00000,0x0000001048f00000) (1024K)]
  0x000001a114d41b50 JavaThread "http-nio-8080-exec-10"      daemon [_thread_blocked, id=17552, stack(0x0000001048f00000,0x0000001049000000) (1024K)]
  0x000001a114d41400 JavaThread "http-nio-8080-Poller"       daemon [_thread_in_native, id=22888, stack(0x0000001049000000,0x0000001049100000) (1024K)]
  0x000001a114d422a0 JavaThread "http-nio-8080-Acceptor"     daemon [_thread_in_native, id=10816, stack(0x0000001049100000,0x0000001049200000) (1024K)]
  0x000001a114d43140 JavaThread "DestroyJavaVM"                     [_thread_blocked, id=6192, stack(0x0000001046100000,0x0000001046200000) (1024K)]
  0x000001a117085270 JavaThread "JFR Recorder Thread"        daemon [_thread_in_native, id=24152, stack(0x0000001047000000,0x0000001047100000) (1024K)]
  0x000001a115780a80 JavaThread "C1 CompilerThread1"         daemon [_thread_blocked, id=24020, stack(0x0000001047200000,0x0000001047300000) (1024K)]
  0x000001a114087b30 JavaThread "C1 CompilerThread2"         daemon [_thread_blocked, id=19600, stack(0x0000001047500000,0x0000001047600000) (1024K)]
  0x000001a1170859c0 JavaThread "JFR Periodic Tasks"         daemon [_thread_blocked, id=25720, stack(0x0000001049200000,0x0000001049300000) (1024K)]
Total: 35

Other Threads:
  0x000001a0ce3d8ba0 VMThread "VM Thread"                           [id=25640, stack(0x0000001046800000,0x0000001046900000) (1024K)]
  0x000001a0ce3ce270 WatcherThread "VM Periodic Task Thread"        [id=23808, stack(0x0000001046700000,0x0000001046800000) (1024K)]
  0x000001a0bb90cf40 WorkerThread "GC Thread#0"                     [id=24532, stack(0x0000001046200000,0x0000001046300000) (1024K)]
  0x000001a114a57b20 WorkerThread "GC Thread#1"                     [id=17032, stack(0x0000001047b00000,0x0000001047c00000) (1024K)]
  0x000001a114a56c60 WorkerThread "GC Thread#2"                     [id=29448, stack(0x0000001047c00000,0x0000001047d00000) (1024K)]
  0x000001a114a58280 WorkerThread "GC Thread#3"                     [id=19320, stack(0x0000001047d00000,0x0000001047e00000) (1024K)]
  0x000001a114a54b30 WorkerThread "GC Thread#4"                     [id=16268, stack(0x0000001047e00000,0x0000001047f00000) (1024K)]
  0x000001a114a54ee0 WorkerThread "GC Thread#5"                     [id=28116, stack(0x0000001047f00000,0x0000001048000000) (1024K)]
  0x000001a114a568b0 WorkerThread "GC Thread#6"                     [id=22164, stack(0x0000001048000000,0x0000001048100000) (1024K)]
  0x000001a114a57010 WorkerThread "GC Thread#7"                     [id=21776, stack(0x0000001048100000,0x0000001048200000) (1024K)]
  0x000001a0bb91fcc0 ConcurrentGCThread "G1 Main Marker"            [id=1844, stack(0x0000001046300000,0x0000001046400000) (1024K)]
  0x000001a0bb920e80 WorkerThread "G1 Conc#0"                       [id=1452, stack(0x0000001046400000,0x0000001046500000) (1024K)]
  0x000001a114a55640 WorkerThread "G1 Conc#1"                       [id=28476, stack(0x0000001048200000,0x0000001048300000) (1024K)]
  0x000001a0bb96e9e0 ConcurrentGCThread "G1 Refine#0"               [id=16196, stack(0x0000001046500000,0x0000001046600000) (1024K)]
  0x000001a0ce29ba80 ConcurrentGCThread "G1 Service"                [id=12812, stack(0x0000001046600000,0x0000001046700000) (1024K)]
Total: 15

Threads with active compile tasks:
Total: 0

VM state: not at safepoint (normal execution)

VM Mutex/Monitor currently owned by a thread: None

Heap address: 0x0000000722c00000, size: 3540 MB, Compressed Oops mode: Zero based, Oop shift amount: 3

CDS archive(s) mapped at: [0x000001a0cf000000-0x000001a0cfd40000-0x000001a0cfd40000), size 13893632, SharedBaseAddress: 0x000001a0cf000000, ArchiveRelocationMode: 1.
Compressed class space mapped at: 0x000001a0d0000000-0x000001a110000000, reserved size: 1073741824
UseCompressedClassPointers 1, UseCompactObjectHeaders 0
Narrow klass pointer bits 32, Max shift 3
Narrow klass base: 0x000001a0cf000000, Narrow klass shift: 0
Encoding Range: [0x000001a0cf000000 - 0x000001a1cf000000), (4294967296 bytes)
Klass Range:    [0x000001a0cf000000 - 0x000001a110000000), (1090519040 bytes)
Klass ID Range:  [8 - 1090519033) (1090519025)

GC Precious Log:
 CardTable entry size: 512
 Card Set container configuration: InlinePtr #cards 4 size 8 Array Of Cards #cards 16 size 48 Howl #buckets 8 coarsen threshold 3686 Howl Bitmap #cards 512 size 80 coarsen threshold 460 Card regions per heap region 1 cards per card region 4096
 CPUs: 8 total, 8 available
 Memory: 14157M
 Large Page Support: Disabled
 NUMA Support: Disabled
 Compressed Oops: Enabled (Zero based)
 Heap Region Size: 2M
 Heap Min Capacity: 8M
 Heap Initial Capacity: 222M
 Heap Max Capacity: 3540M
 Pre-touch: Disabled
 Parallel Workers: 8
 Concurrent Workers: 2
 Concurrent Refinement Workers: 8
 Periodic GC: Disabled

Heap:
 garbage-first heap   total reserved 3624960K, committed 69632K, used 24203K [0x0000000722c00000, 0x0000000800000000)
  region size 2048K, 6 young (12288K), 2 survivors (4096K)
 Metaspace       used 30485K, committed 31040K, reserved 1114112K
  class space    used 3557K, committed 3776K, reserved 1048576K

Heap Regions: E=young(eden), S=young(survivor), O=old, HS=humongous(starts), HC=humongous(continues), CS=collection set, F=free, TAMS=top-at-mark-start, PB=parsable bottom
|   0|0x0000000722c00000, 0x0000000722c9ede8, 0x0000000722e00000| 31%| O|  |TAMS 0x0000000722c00000| PB 0x0000000722c00000| Untracked |  0
|   1|0x0000000722e00000, 0x0000000723000000, 0x0000000723000000|100%| O|  |TAMS 0x0000000722e00000| PB 0x0000000722e00000| Untracked |  0
|   2|0x0000000723000000, 0x0000000723200000, 0x0000000723200000|100%| O|  |TAMS 0x0000000723000000| PB 0x0000000723000000| Untracked |  0
|   3|0x0000000723200000, 0x0000000723400000, 0x0000000723400000|100%| O|  |TAMS 0x0000000723200000| PB 0x0000000723200000| Untracked |  0
|   4|0x0000000723400000, 0x00000007235c8380, 0x0000000723600000| 89%| O|  |TAMS 0x0000000723400000| PB 0x0000000723400000| Untracked |  0
|   5|0x0000000723600000, 0x0000000723600000, 0x0000000723800000|  0%| F|  |TAMS 0x0000000723600000| PB 0x0000000723600000| Untracked |  0
|   6|0x0000000723800000, 0x0000000723800000, 0x0000000723a00000|  0%| F|  |TAMS 0x0000000723800000| PB 0x0000000723800000| Untracked |  0
|   7|0x0000000723a00000, 0x0000000723a00000, 0x0000000723c00000|  0%| F|  |TAMS 0x0000000723a00000| PB 0x0000000723a00000| Untracked |  0
|   8|0x0000000723c00000, 0x0000000723c00000, 0x0000000723e00000|  0%| F|  |TAMS 0x0000000723c00000| PB 0x0000000723c00000| Untracked |  0
|   9|0x0000000723e00000, 0x0000000723f3bdc8, 0x0000000724000000| 61%| S|CS|TAMS 0x0000000723e00000| PB 0x0000000723e00000| Complete |  0
|  10|0x0000000724000000, 0x0000000724200000, 0x0000000724200000|100%| S|CS|TAMS 0x0000000724000000| PB 0x0000000724000000| Complete |  0
|  11|0x0000000724200000, 0x0000000724200000, 0x0000000724400000|  0%| F|  |TAMS 0x0000000724200000| PB 0x0000000724200000| Untracked |  0
|  12|0x0000000724400000, 0x0000000724400000, 0x0000000724600000|  0%| F|  |TAMS 0x0000000724400000| PB 0x0000000724400000| Untracked |  0
|  13|0x0000000724600000, 0x0000000724600000, 0x0000000724800000|  0%| F|  |TAMS 0x0000000724600000| PB 0x0000000724600000| Untracked |  0
|  14|0x0000000724800000, 0x0000000724800000, 0x0000000724a00000|  0%| F|  |TAMS 0x0000000724800000| PB 0x0000000724800000| Untracked |  0
|  15|0x0000000724a00000, 0x0000000724a00000, 0x0000000724c00000|  0%| F|  |TAMS 0x0000000724a00000| PB 0x0000000724a00000| Untracked |  0
|  16|0x0000000724c00000, 0x0000000724c00000, 0x0000000724e00000|  0%| F|  |TAMS 0x0000000724c00000| PB 0x0000000724c00000| Untracked |  0
|  17|0x0000000724e00000, 0x0000000724e00000, 0x0000000725000000|  0%| F|  |TAMS 0x0000000724e00000| PB 0x0000000724e00000| Untracked |  0
|  18|0x0000000725000000, 0x0000000725000000, 0x0000000725200000|  0%| F|  |TAMS 0x0000000725000000| PB 0x0000000725000000| Untracked |  0
|  19|0x0000000725200000, 0x0000000725200000, 0x0000000725400000|  0%| F|  |TAMS 0x0000000725200000| PB 0x0000000725200000| Untracked |  0
|  20|0x0000000725400000, 0x0000000725400000, 0x0000000725600000|  0%| F|  |TAMS 0x0000000725400000| PB 0x0000000725400000| Untracked |  0
|  21|0x0000000725600000, 0x0000000725600000, 0x0000000725800000|  0%| F|  |TAMS 0x0000000725600000| PB 0x0000000725600000| Untracked |  0
|  22|0x0000000725800000, 0x0000000725800000, 0x0000000725a00000|  0%| F|  |TAMS 0x0000000725800000| PB 0x0000000725800000| Untracked |  0
|  73|0x000000072be00000, 0x000000072be00000, 0x000000072c000000|  0%| F|  |TAMS 0x000000072be00000| PB 0x000000072be00000| Untracked |  0
|  74|0x000000072c000000, 0x000000072c000000, 0x000000072c200000|  0%| F|  |TAMS 0x000000072c000000| PB 0x000000072c000000| Untracked |  0
|  75|0x000000072c200000, 0x000000072c200000, 0x000000072c400000|  0%| F|  |TAMS 0x000000072c200000| PB 0x000000072c200000| Untracked |  0
|  76|0x000000072c400000, 0x000000072c400000, 0x000000072c600000|  0%| F|  |TAMS 0x000000072c400000| PB 0x000000072c400000| Untracked |  0
|  77|0x000000072c600000, 0x000000072c73f7a0, 0x000000072c800000| 62%| E|  |TAMS 0x000000072c600000| PB 0x000000072c600000| Complete |  0
|  78|0x000000072c800000, 0x000000072ca00000, 0x000000072ca00000|100%| E|CS|TAMS 0x000000072c800000| PB 0x000000072c800000| Complete |  0
| 110|0x0000000730800000, 0x0000000730a00000, 0x0000000730a00000|100%| E|CS|TAMS 0x0000000730800000| PB 0x0000000730800000| Complete |  0
|1766|0x00000007ff800000, 0x00000007ffa00000, 0x00000007ffa00000|100%| O|  |TAMS 0x00000007ff800000| PB 0x00000007ff800000| Untracked |  0
|1767|0x00000007ffa00000, 0x00000007ffc00000, 0x00000007ffc00000|100%| O|  |TAMS 0x00000007ffa00000| PB 0x00000007ffa00000| Untracked |  0
|1768|0x00000007ffc00000, 0x00000007ffe00000, 0x00000007ffe00000|100%| O|  |TAMS 0x00000007ffc00000| PB 0x00000007ffc00000| Untracked |  0
|1769|0x00000007ffe00000, 0x0000000800000000, 0x0000000800000000|100%| E|CS|TAMS 0x00000007ffe00000| PB 0x00000007ffe00000| Complete |  0

Card table byte_map: [0x000001a0c7b70000,0x000001a0c8260000] _byte_map_base: 0x000001a0c425a000

Marking Bits: (CMBitMap*) 0x000001a0bb90d560
 Bits: [0x000001a0c8260000, 0x000001a0cb9b0000)

Polling page: 0x000001a0b9880000

Metaspace:

Usage:
  Non-class:     26.30 MB used.
      Class:      3.47 MB used.
       Both:     29.77 MB used.

Virtual space:
  Non-class space:       64.00 MB reserved,      26.62 MB ( 42%) committed,  1 nodes.
      Class space:        1.00 GB reserved,       3.69 MB ( <1%) committed,  1 nodes.
             Both:        1.06 GB reserved,      30.31 MB (  3%) committed. 

Chunk freelists:
   Non-Class:  4.90 MB
       Class:  12.33 MB
        Both:  17.24 MB

MaxMetaspaceSize: unlimited
CompressedClassSpaceSize: 1.00 GB
Initial GC threshold: 21.00 MB
Current GC threshold: 35.25 MB
CDS: on
 - commit_granule_bytes: 65536.
 - commit_granule_words: 8192.
 - virtual_space_node_default_size: 8388608.
 - enlarge_chunks_in_place: 1.
UseCompressedClassPointers 1, UseCompactObjectHeaders 0
Narrow klass pointer bits 32, Max shift 3
Narrow klass base: 0x000001a0cf000000, Narrow klass shift: 0
Encoding Range: [0x000001a0cf000000 - 0x000001a1cf000000), (4294967296 bytes)
Klass Range:    [0x000001a0cf000000 - 0x000001a110000000), (1090519040 bytes)
Klass ID Range:  [8 - 1090519033) (1090519025)


Internal statistics:

num_allocs_failed_limit: 3.
num_arena_births: 602.
num_arena_deaths: 0.
num_vsnodes_births: 2.
num_vsnodes_deaths: 0.
num_space_committed: 485.
num_space_uncommitted: 0.
num_chunks_returned_to_freelist: 3.
num_chunks_taken_from_freelist: 1620.
num_chunk_merges: 3.
num_chunk_splits: 1111.
num_chunks_enlarged: 818.
num_inconsistent_stats: 0.

CodeCache: size=49152Kb used=7899Kb max_used=8189Kb free=41252Kb
 bounds [0x000001a0c4150000, 0x000001a0c4950000, 0x000001a0c7150000]
 total_blobs=5207, nmethods=4652, adapters=478, full_count=0
Compilation: enabled, stopped_count=0, restarted_count=0

Compilation events (20 events):
Event: 8.269 Thread 0x000001a114087b30 4643       1       jdk.jfr.internal.EventControl::getEventType (5 bytes)
Event: 8.269 Thread 0x000001a115780a80 4644       1       jdk.jfr.internal.EventControl::getSettingsId (5 bytes)
Event: 8.269 Thread 0x000001a0ce3f4c20 4645       1       jdk.jfr.internal.EventControl::getNamedControls (5 bytes)
Event: 8.269 Thread 0x000001a114087b30 nmethod 4643 0x000001a0c438ce88 code [0x000001a0c438cf80, 0x000001a0c438d048]
Event: 8.269 Thread 0x000001a114087b30 4647   !   1       jdk.jfr.internal.Control::setValue (102 bytes)
Event: 8.269 Thread 0x000001a115780a80 nmethod 4644 0x000001a0c438cb88 code [0x000001a0c438cc80, 0x000001a0c438cd48]
Event: 8.269 Thread 0x000001a0ce3f4c20 nmethod 4645 0x000001a0c438c888 code [0x000001a0c438c980, 0x000001a0c438ca48]
Event: 8.269 Thread 0x000001a0ce3f4c20 4648       1       jdk.jfr.internal.SettingsManager$InternalSetting::getValues (35 bytes)
Event: 8.269 Thread 0x000001a115780a80 4649       1       jdk.jfr.internal.Control::apply (10 bytes)
Event: 8.269 Thread 0x000001a0ce3f4c20 nmethod 4648 0x000001a0c438c508 code [0x000001a0c438c640, 0x000001a0c438c848]
Event: 8.269 Thread 0x000001a0ce3f4c20 4650       1       jdk.jfr.internal.Control::findCombine (121 bytes)
Event: 8.269 Thread 0x000001a115780a80 nmethod 4649 0x000001a0c438c208 code [0x000001a0c438c320, 0x000001a0c438c430]
Event: 8.270 Thread 0x000001a115780a80 4646       1       jdk.jfr.internal.PlatformEventType::isEnabled (5 bytes)
Event: 8.270 Thread 0x000001a115780a80 nmethod 4646 0x000001a0c438bf08 code [0x000001a0c438c000, 0x000001a0c438c0c8]
Event: 8.270 Thread 0x000001a114087b30 nmethod 4647 0x000001a0c438b608 code [0x000001a0c438b800, 0x000001a0c438be90]
Event: 8.270 Thread 0x000001a0ce3f4c20 nmethod 4650 0x000001a0c438ac88 code [0x000001a0c438ae40, 0x000001a0c438b5f0]
Event: 8.272 Thread 0x000001a114087b30 4651       1       jdk.jfr.internal.periodic.EventTask::getEventType (5 bytes)
Event: 8.273 Thread 0x000001a114087b30 nmethod 4651 0x000001a0c438a988 code [0x000001a0c438aa80, 0x000001a0c438ab48]
Event: 8.273 Thread 0x000001a114087b30 4652       1       jdk.jfr.internal.periodic.PeriodicTask::getPeriod (5 bytes)
Event: 8.273 Thread 0x000001a114087b30 nmethod 4652 0x000001a0c438a688 code [0x000001a0c438a780, 0x000001a0c438a848]

GC Heap History (8 events):
Event: 2.053 GC heap before
{Heap before GC invocations=0 (full 0):
 garbage-first heap   total reserved 3624960K, committed 229376K, used 48244K [0x0000000722c00000, 0x0000000800000000)
  region size 2048K, 24 young (49152K), 0 survivors (0K)
 Metaspace       used 10893K, committed 11200K, reserved 1114112K
  class space    used 1235K, committed 1344K, reserved 1048576K
}
Event: 2.063 GC heap after
{Heap after GC invocations=1 (full 0):
 garbage-first heap   total reserved 3624960K, committed 229376K, used 7919K [0x0000000722c00000, 0x0000000800000000)
  region size 2048K, 3 young (6144K), 3 survivors (6144K)
 Metaspace       used 10893K, committed 11200K, reserved 1114112K
  class space    used 1235K, committed 1344K, reserved 1048576K
}
Event: 3.428 GC heap before
{Heap before GC invocations=1 (full 0):
 garbage-first heap   total reserved 3624960K, committed 229376K, used 65263K [0x0000000722c00000, 0x0000000800000000)
  region size 2048K, 32 young (65536K), 3 survivors (6144K)
 Metaspace       used 21210K, committed 21504K, reserved 1114112K
  class space    used 2347K, committed 2432K, reserved 1048576K
}
Event: 3.438 GC heap after
{Heap after GC invocations=2 (full 0):
 garbage-first heap   total reserved 3624960K, committed 229376K, used 12530K [0x0000000722c00000, 0x0000000800000000)
  region size 2048K, 6 young (12288K), 6 survivors (12288K)
 Metaspace       used 21210K, committed 21504K, reserved 1114112K
  class space    used 2347K, committed 2432K, reserved 1048576K
}
Event: 4.250 GC heap before
{Heap before GC invocations=3 (full 0):
 garbage-first heap   total reserved 3624960K, committed 55296K, used 51442K [0x0000000722c00000, 0x0000000800000000)
  region size 2048K, 25 young (51200K), 6 survivors (12288K)
 Metaspace       used 26709K, committed 27136K, reserved 1114112K
  class space    used 3030K, committed 3200K, reserved 1048576K
}
Event: 4.260 GC heap after
{Heap after GC invocations=4 (full 0):
 garbage-first heap   total reserved 3624960K, committed 69632K, used 15922K [0x0000000722c00000, 0x0000000800000000)
  region size 2048K, 4 young (8192K), 4 survivors (8192K)
 Metaspace       used 26709K, committed 27136K, reserved 1114112K
  class space    used 3030K, committed 3200K, reserved 1048576K
}
Event: 8.168 GC heap before
{Heap before GC invocations=4 (full 0):
 garbage-first heap   total reserved 3624960K, committed 69632K, used 46642K [0x0000000722c00000, 0x0000000800000000)
  region size 2048K, 19 young (38912K), 4 survivors (8192K)
 Metaspace       used 30041K, committed 30592K, reserved 1114112K
  class space    used 3490K, committed 3712K, reserved 1048576K
}
Event: 8.182 GC heap after
{Heap after GC invocations=5 (full 0):
 garbage-first heap   total reserved 3624960K, committed 69632K, used 18059K [0x0000000722c00000, 0x0000000800000000)
  region size 2048K, 2 young (4096K), 2 survivors (4096K)
 Metaspace       used 30041K, committed 30592K, reserved 1114112K
  class space    used 3490K, committed 3712K, reserved 1048576K
}

Dll operation events (12 events):
Event: 0.031 Loaded shared library C:\Program Files\Java\jdk-24\bin\java.dll
Event: 0.164 Loaded shared library C:\Program Files\Java\jdk-24\bin\zip.dll
Event: 0.168 Loaded shared library C:\Program Files\Java\jdk-24\bin\instrument.dll
Event: 0.177 Loaded shared library C:\Program Files\Java\jdk-24\bin\net.dll
Event: 0.180 Loaded shared library C:\Program Files\Java\jdk-24\bin\nio.dll
Event: 0.184 Loaded shared library C:\Program Files\Java\jdk-24\bin\zip.dll
Event: 0.264 Loaded shared library C:\Program Files\Java\jdk-24\bin\jimage.dll
Event: 0.279 Loaded shared library C:\Program Files\Java\jdk-24\bin\extnet.dll
Event: 0.302 Loaded shared library C:\Program Files\Java\jdk-24\bin\management.dll
Event: 0.315 Loaded shared library C:\Program Files\Java\jdk-24\bin\management_ext.dll
Event: 2.739 Loaded shared library C:\Program Files\Java\jdk-24\bin\sunmscapi.dll
Event: 8.085 Loaded shared library C:\Users\User\AppData\Local\Temp\idea_libasyncProfiler_dll_temp_folder\libasyncProfiler.dll

Deoptimization events (0 events):
No events

Classes loaded (20 events):
Event: 8.246 Loading class jdk/jfr/internal/MetadataWriter
Event: 8.246 Loading class jdk/jfr/internal/MetadataWriter done
Event: 8.246 Loading class jdk/jfr/internal/MetadataDescriptor$Element
Event: 8.246 Loading class jdk/jfr/internal/MetadataDescriptor$Element done
Event: 8.246 Loading class jdk/jfr/internal/MetadataDescriptor$Attribute
Event: 8.246 Loading class jdk/jfr/internal/MetadataDescriptor$Attribute done
Event: 8.253 Loading class jdk/jfr/internal/consumer/StringParser$Encoding
Event: 8.253 Loading class jdk/jfr/internal/consumer/StringParser$Encoding done
Event: 8.261 Loading class jdk/jfr/internal/consumer/RepositoryFiles
Event: 8.261 Loading class jdk/jfr/internal/consumer/RepositoryFiles done
Event: 8.266 Loading class jdk/jfr/internal/SettingsManager$InternalSetting
Event: 8.266 Loading class jdk/jfr/internal/SettingsManager$InternalSetting done
Event: 8.268 Loading class jdk/jfr/internal/util/Rate
Event: 8.268 Loading class jdk/jfr/internal/util/Rate done
Event: 8.268 Loading class jdk/jfr/internal/util/TimespanUnit
Event: 8.268 Loading class jdk/jfr/internal/util/TimespanUnit done
Event: 8.268 Loading class jdk/jfr/internal/util/ValueParser
Event: 8.268 Loading class jdk/jfr/internal/util/ValueParser done
Event: 8.270 Loading class jdk/jfr/internal/periodic/PeriodicType
Event: 8.270 Loading class jdk/jfr/internal/periodic/PeriodicType done

Classes unloaded (0 events):
No events

Classes redefined (0 events):
No events

Internal exceptions (20 events):
Event: 3.951 Thread 0x000001a0bb8af0d0 Exception <a 'java/lang/NoSuchMethodError'{0x0000000723848b70}: 'int java.lang.invoke.DirectMethodHandle$Holder.invokeInterface(java.lang.Object, java.lang.Object, java.lang.Object, java.lang.Object)'> (0x0000000723848b70) 
thrown [s\open\src\hotspot\share\interpreter\linkResolver.cpp, line 805]
Event: 4.063 Thread 0x000001a0bb8af0d0 Exception <a 'java/lang/NoSuchMethodError'{0x000000072348d0e8}: 'void java.lang.invoke.DirectMethodHandle$Holder.invokeVirtual(java.lang.Object, java.lang.Object, long)'> (0x000000072348d0e8) 
thrown [s\open\src\hotspot\share\interpreter\linkResolver.cpp, line 805]
Event: 4.152 Thread 0x000001a0bb8af0d0 Exception <a 'java/lang/NoSuchMethodError'{0x000000072336f918}: 'java.lang.Object java.lang.invoke.DirectMethodHandle$Holder.newInvokeSpecial(java.lang.Object, java.lang.Object, java.lang.Object, java.lang.Object, java.lang.Object, java.lang.Object, java.lang.Object, java.lang.Object)'> (0x000000072336f918) 
thrown [s\open\src\hotspot\share\interpreter\linkResolver.cpp, line 805]
Event: 4.169 Thread 0x000001a0bb8af0d0 Exception <a 'java/io/IOException'{0x0000000723045b10}> (0x0000000723045b10) 
thrown [s\open\src\hotspot\share\prims\jni.cpp, line 518]
Event: 4.289 Thread 0x000001a0bb8af0d0 Exception <a 'java/lang/NoSuchMethodError'{0x0000000730912170}: 'java.lang.Object java.lang.invoke.DirectMethodHandle$Holder.invokeSpecial(java.lang.Object, java.lang.Object, int, java.lang.Object, java.lang.Object)'> (0x0000000730912170) 
thrown [s\open\src\hotspot\share\interpreter\linkResolver.cpp, line 805]
Event: 4.290 Thread 0x000001a0bb8af0d0 Exception <a 'java/lang/NoSuchMethodError'{0x000000073091a808}: 'java.lang.Object java.lang.invoke.DelegatingMethodHandle$Holder.delegate(java.lang.Object, int, java.lang.Object, java.lang.Object)'> (0x000000073091a808) 
thrown [s\open\src\hotspot\share\interpreter\linkResolver.cpp, line 805]
Event: 4.293 Thread 0x000001a0bb8af0d0 Exception <a 'java/lang/NoSuchMethodError'{0x000000073093e9a0}: 'int java.lang.invoke.Invokers$Holder.linkToTargetMethod(java.lang.Object, java.lang.Object, java.lang.Object)'> (0x000000073093e9a0) 
thrown [s\open\src\hotspot\share\interpreter\linkResolver.cpp, line 805]
Event: 4.387 Thread 0x000001a0bb8af0d0 Exception <a 'java/lang/IncompatibleClassChangeError'{0x000000072c6a3d50}: Found class java.lang.Object, but interface was expected> (0x000000072c6a3d50) 
thrown [s\open\src\hotspot\share\interpreter\linkResolver.cpp, line 872]
Event: 4.521 Thread 0x000001a0bb8af0d0 Exception <a 'java/lang/NoSuchMethodError'{0x000000072c216350}: 'int java.lang.invoke.DirectMethodHandle$Holder.invokeStaticInit(java.lang.Object, java.lang.Object, java.lang.Object, java.lang.Object)'> (0x000000072c216350) 
thrown [s\open\src\hotspot\share\interpreter\linkResolver.cpp, line 805]
Event: 4.642 Thread 0x000001a0bb8af0d0 Exception <a 'java/lang/NoSuchMethodError'{0x000000072be82930}: 'java.lang.Object java.lang.invoke.DirectMethodHandle$Holder.newInvokeSpecial(java.lang.Object, java.lang.Object, java.lang.Object, java.lang.Object, java.lang.Object, java.lang.Object, java.lang.Object, java.lang.Object, java.lang.Object, java.lang.Object, java.lang.Object, java.lang.Object, java.lang.Object)'> (0x000000072be82930) 
thrown [s\open\src\hotspot\share\interpreter\linkResolver.cpp, line 805]
Event: 4.736 Thread 0x000001a0bb8af0d0 Exception <a 'java/lang/NoSuchMethodError'{0x0000000724c56fa0}: 'void java.lang.invoke.DirectMethodHandle$Holder.invokeVirtual(java.lang.Object, java.lang.Object, float)'> (0x0000000724c56fa0) 
thrown [s\open\src\hotspot\share\interpreter\linkResolver.cpp, line 805]
Event: 4.794 Thread 0x000001a0bb8af0d0 Exception <a 'java/lang/NoSuchMethodError'{0x0000000724801a00}: 'java.lang.Object java.lang.invoke.DirectMethodHandle$Holder.newInvokeSpecial(java.lang.Object, java.lang.Object, int, java.lang.Object, java.lang.Object)'> (0x0000000724801a00) 
thrown [s\open\src\hotspot\share\interpreter\linkResolver.cpp, line 805]
Event: 5.179 Thread 0x000001a0ce515d80 Exception <a 'java/lang/NoSuchMethodError'{0x000000072c82a2c8}: 'java.lang.Object java.lang.invoke.DirectMethodHandle$Holder.invokeInterface(java.lang.Object, java.lang.Object, java.lang.Object, java.lang.Object, java.lang.Object, java.lang.Object, java.lang.Object)'> (0x000000072c82a2c8) 
thrown [s\open\src\hotspot\share\interpreter\linkResolver.cpp, line 805]
Event: 5.183 Thread 0x000001a0ce515d80 Exception <a 'java/lang/NoSuchMethodError'{0x000000072c87d080}: 'java.lang.Object java.lang.invoke.DirectMethodHandle$Holder.invokeStatic(java.lang.Object, java.lang.Object, java.lang.Object, java.lang.Object, java.lang.Object, java.lang.Object, java.lang.Object, java.lang.Object, java.lang.Object, java.lang.Object)'> (0x000000072c87d080) 
thrown [s\open\src\hotspot\share\interpreter\linkResolver.cpp, line 805]
Event: 8.232 Thread 0x000001a0ce3f1c60 Exception <a 'java/lang/NoSuchMethodError'{0x000000073097d748}: 'void java.lang.invoke.DirectMethodHandle$Holder.invokeSpecial(java.lang.Object, java.lang.Object, int)'> (0x000000073097d748) 
thrown [s\open\src\hotspot\share\interpreter\linkResolver.cpp, line 805]
Event: 8.233 Thread 0x000001a0ce3f1c60 Exception <a 'java/lang/NoSuchMethodError'{0x0000000730985368}: 'void java.lang.invoke.Invokers$Holder.invokeExact_MT(java.lang.Object, int, java.lang.Object)'> (0x0000000730985368) 
thrown [s\open\src\hotspot\share\interpreter\linkResolver.cpp, line 805]
Event: 8.234 Thread 0x000001a0ce3f1c60 Exception <a 'java/lang/NoSuchMethodError'{0x00000007309a6808}: 'java.lang.Object java.lang.invoke.DirectMethodHandle$Holder.newInvokeSpecial(java.lang.Object, java.lang.Object, int)'> (0x00000007309a6808) 
thrown [s\open\src\hotspot\share\interpreter\linkResolver.cpp, line 805]
Event: 8.238 Thread 0x000001a0ce3f1c60 Exception <a 'sun/nio/fs/WindowsException'{0x00000007309f41f8}> (0x00000007309f41f8) 
thrown [s\open\src\hotspot\share\prims\jni.cpp, line 518]
Event: 8.240 Thread 0x000001a0ce3f1c60 Exception <a 'sun/nio/fs/WindowsException'{0x000000072c804fc8}> (0x000000072c804fc8) 
thrown [s\open\src\hotspot\share\prims\jni.cpp, line 518]
Event: 8.243 Thread 0x000001a0ce3f1c60 Exception <a 'sun/nio/fs/WindowsException'{0x000000072c816c10}> (0x000000072c816c10) 
thrown [s\open\src\hotspot\share\prims\jni.cpp, line 518]

VM Operations (20 events):
Event: 3.976 Executing VM operation: HandshakeAllThreads (Deoptimize)
Event: 3.976 Executing VM operation: HandshakeAllThreads (Deoptimize) done
Event: 4.035 Executing VM operation: HandshakeAllThreads (Deoptimize)
Event: 4.035 Executing VM operation: HandshakeAllThreads (Deoptimize) done
Event: 4.209 Executing VM operation: HandshakeAllThreads (Deoptimize)
Event: 4.209 Executing VM operation: HandshakeAllThreads (Deoptimize) done
Event: 4.218 Executing VM operation: HandshakeAllThreads (Deoptimize)
Event: 4.218 Executing VM operation: HandshakeAllThreads (Deoptimize) done
Event: 4.244 Executing VM operation: HandshakeAllThreads (Deoptimize)
Event: 4.244 Executing VM operation: HandshakeAllThreads (Deoptimize) done
Event: 4.250 Executing VM operation: G1CollectForAllocation (G1 Evacuation Pause)
Event: 4.260 Executing VM operation: G1CollectForAllocation (G1 Evacuation Pause) done
Event: 4.401 Executing VM operation: HandshakeAllThreads (Deoptimize)
Event: 4.401 Executing VM operation: HandshakeAllThreads (Deoptimize) done
Event: 4.470 Executing VM operation: HandshakeAllThreads (Deoptimize)
Event: 4.470 Executing VM operation: HandshakeAllThreads (Deoptimize) done
Event: 8.168 Executing VM operation: G1CollectForAllocation (G1 Evacuation Pause)
Event: 8.183 Executing VM operation: G1CollectForAllocation (G1 Evacuation Pause) done
Event: 8.262 Executing VM operation: JFRSafepointClear
Event: 8.262 Executing VM operation: JFRSafepointClear done

Memory protections (0 events):
No events

Nmethod flushes (0 events):
No events

Events (20 events):
Event: 4.804 Thread 0x000001a0bb8af0d0 Thread added: 0x000001a114d40560
Event: 4.804 Thread 0x000001a0bb8af0d0 Thread added: 0x000001a114d40cb0
Event: 4.804 Thread 0x000001a0bb8af0d0 Thread added: 0x000001a114d41b50
Event: 4.833 Thread 0x000001a0bb8af0d0 Thread added: 0x000001a114d41400
Event: 4.835 Thread 0x000001a0bb8af0d0 Thread added: 0x000001a114d422a0
Event: 4.862 Thread 0x000001a0bb8af0d0 Thread exited: 0x000001a0bb8af0d0
Event: 4.862 Thread 0x000001a114d43140 Thread added: 0x000001a114d43140
Event: 5.159 Thread 0x000001a0ce515d80 Thread added: 0x000001a1142c4830
Event: 5.169 Thread 0x000001a1142c4830 Thread exited: 0x000001a1142c4830
Event: 5.170 Thread 0x000001a0ce515d80 Thread added: 0x000001a1142c9ff0
Event: 5.187 Thread 0x000001a1142c9ff0 Thread exited: 0x000001a1142c9ff0
Event: 5.190 Thread 0x000001a0ce515d80 Thread added: 0x000001a1142c7b60
Event: 5.202 Thread 0x000001a1142c7b60 Thread exited: 0x000001a1142c7b60
Event: 6.468 Thread 0x000001a1142d8570 Thread exited: 0x000001a1142d8570
Event: 6.468 Thread 0x000001a0ce718010 Thread exited: 0x000001a0ce718010
Event: 8.118 Thread 0x000001a0ce4d8940 Thread exited: 0x000001a0ce4d8940
Event: 8.134 Thread 0x000001a0ce3f1c60 Thread added: 0x000001a117085270
Event: 8.200 Thread 0x000001a0ce3f4c20 Thread added: 0x000001a115780a80
Event: 8.231 Thread 0x000001a115780a80 Thread added: 0x000001a114087b30
Event: 8.235 Thread 0x000001a0ce3f1c60 Thread added: 0x000001a1170859c0


Dynamic libraries:
0x00007ff70bde0000 - 0x00007ff70bdf0000 	C:\Program Files\Java\jdk-24\bin\java.exe
0x00007ffb721d0000 - 0x00007ffb723c8000 	C:\Windows\SYSTEM32\ntdll.dll
0x00007ffb71fb0000 - 0x00007ffb72072000 	C:\Windows\System32\KERNEL32.DLL
0x00007ffb6fbb0000 - 0x00007ffb6fea6000 	C:\Windows\System32\KERNELBASE.dll
0x00007ffb6f9b0000 - 0x00007ffb6fab0000 	C:\Windows\System32\ucrtbase.dll
0x00007ffb4eb60000 - 0x00007ffb4eb7b000 	C:\Program Files\Java\jdk-24\bin\VCRUNTIME140.dll
0x00007ffb52740000 - 0x00007ffb52756000 	C:\Program Files\Java\jdk-24\bin\jli.dll
0x00007ffb70280000 - 0x00007ffb7041d000 	C:\Windows\System32\USER32.dll
0x00007ffb5d130000 - 0x00007ffb5d3ca000 	C:\Windows\WinSxS\amd64_microsoft.windows.common-controls_6595b64144ccf1df_6.0.19041.5915_none_60b4b9d171f9c7c7\COMCTL32.dll
0x00007ffb700a0000 - 0x00007ffb700c2000 	C:\Windows\System32\win32u.dll
0x00007ffb70970000 - 0x00007ffb70a0e000 	C:\Windows\System32\msvcrt.dll
0x00007ffb701f0000 - 0x00007ffb7021b000 	C:\Windows\System32\GDI32.dll
0x00007ffb700d0000 - 0x00007ffb701e9000 	C:\Windows\System32\gdi32full.dll
0x00007ffb6f860000 - 0x00007ffb6f8fd000 	C:\Windows\System32\msvcp_win.dll
0x00007ffb71250000 - 0x00007ffb7127f000 	C:\Windows\System32\IMM32.DLL
0x00007ffb6b6e0000 - 0x00007ffb6b6ec000 	C:\Program Files\Java\jdk-24\bin\vcruntime140_1.dll
0x00007ffb42140000 - 0x00007ffb421ce000 	C:\Program Files\Java\jdk-24\bin\msvcp140.dll
0x00007ffaf3370000 - 0x00007ffaf4112000 	C:\Program Files\Java\jdk-24\bin\server\jvm.dll
0x00007ffb71ee0000 - 0x00007ffb71f91000 	C:\Windows\System32\ADVAPI32.dll
0x00007ffb70b40000 - 0x00007ffb70bdf000 	C:\Windows\System32\sechost.dll
0x00007ffb70430000 - 0x00007ffb70553000 	C:\Windows\System32\RPCRT4.dll
0x00007ffb6fab0000 - 0x00007ffb6fad7000 	C:\Windows\System32\bcrypt.dll
0x00007ffb70be0000 - 0x00007ffb70c4b000 	C:\Windows\System32\WS2_32.dll
0x00007ffb5f500000 - 0x00007ffb5f527000 	C:\Windows\SYSTEM32\WINMM.dll
0x00007ffb6f610000 - 0x00007ffb6f65b000 	C:\Windows\SYSTEM32\POWRPROF.dll
0x00007ffb5e240000 - 0x00007ffb5e24a000 	C:\Windows\SYSTEM32\VERSION.dll
0x00007ffb6f5f0000 - 0x00007ffb6f602000 	C:\Windows\SYSTEM32\UMPDC.dll
0x00007ffb6d660000 - 0x00007ffb6d672000 	C:\Windows\SYSTEM32\kernel.appcore.dll
0x00007ffb683d0000 - 0x00007ffb683da000 	C:\Program Files\Java\jdk-24\bin\jimage.dll
0x00007ffb66db0000 - 0x00007ffb66fb1000 	C:\Windows\SYSTEM32\DBGHELP.DLL
0x00007ffb5f4c0000 - 0x00007ffb5f4f4000 	C:\Windows\SYSTEM32\dbgcore.DLL
0x00007ffb6feb0000 - 0x00007ffb6ff32000 	C:\Windows\System32\bcryptPrimitives.dll
0x00007ffb3e4e0000 - 0x00007ffb3e4ef000 	C:\Program Files\Java\jdk-24\bin\instrument.dll
0x00007ffb43810000 - 0x00007ffb4382e000 	C:\Program Files\Java\jdk-24\bin\java.dll
0x00007ffb70a10000 - 0x00007ffb70b3b000 	C:\Windows\System32\ole32.dll
0x00007ffb71410000 - 0x00007ffb71763000 	C:\Windows\System32\combase.dll
0x00007ffb71770000 - 0x00007ffb71ede000 	C:\Windows\System32\SHELL32.dll
0x00007ffb6d880000 - 0x00007ffb6e023000 	C:\Windows\SYSTEM32\windows.storage.dll
0x00007ffb6f0e0000 - 0x00007ffb6f10b000 	C:\Windows\SYSTEM32\Wldp.dll
0x00007ffb70c50000 - 0x00007ffb70d1d000 	C:\Windows\System32\OLEAUT32.dll
0x00007ffb72080000 - 0x00007ffb7212d000 	C:\Windows\System32\SHCORE.dll
0x00007ffb70220000 - 0x00007ffb7027b000 	C:\Windows\System32\shlwapi.dll
0x00007ffb6f790000 - 0x00007ffb6f7b5000 	C:\Windows\SYSTEM32\profapi.dll
0x00007ffb3e330000 - 0x00007ffb3e347000 	C:\Program Files\Java\jdk-24\bin\zip.dll
0x00007ffb5de60000 - 0x00007ffb5de70000 	C:\Program Files\Java\jdk-24\bin\net.dll
0x00007ffb6eec0000 - 0x00007ffb6ef2a000 	C:\Windows\system32\mswsock.dll
0x00007ffb437f0000 - 0x00007ffb43806000 	C:\Program Files\Java\jdk-24\bin\nio.dll
0x00007ffb46fd0000 - 0x00007ffb46fd9000 	C:\Program Files\Java\jdk-24\bin\extnet.dll
0x00007ffb6ec00000 - 0x00007ffb6ecca000 	C:\Windows\SYSTEM32\DNSAPI.dll
0x00007ffb6ebc0000 - 0x00007ffb6ebfb000 	C:\Windows\SYSTEM32\IPHLPAPI.DLL
0x00007ffb70420000 - 0x00007ffb70428000 	C:\Windows\System32\NSI.dll
0x00007ffb66da0000 - 0x00007ffb66daa000 	C:\Windows\System32\rasadhlp.dll
0x00007ffb66200000 - 0x00007ffb66280000 	C:\Windows\System32\fwpuclnt.dll
0x00007ffb3e310000 - 0x00007ffb3e31a000 	C:\Program Files\Java\jdk-24\bin\management.dll
0x00007ffb3e300000 - 0x00007ffb3e30b000 	C:\Program Files\Java\jdk-24\bin\management_ext.dll
0x00007ffb71fa0000 - 0x00007ffb71fa8000 	C:\Windows\System32\PSAPI.DLL
0x00007ffb6f120000 - 0x00007ffb6f138000 	C:\Windows\SYSTEM32\CRYPTSP.dll
0x00007ffb6e800000 - 0x00007ffb6e838000 	C:\Windows\system32\rsaenh.dll
0x00007ffb6f710000 - 0x00007ffb6f73e000 	C:\Windows\SYSTEM32\USERENV.dll
0x00007ffb6f050000 - 0x00007ffb6f05c000 	C:\Windows\SYSTEM32\CRYPTBASE.dll
0x00007ffb4e130000 - 0x00007ffb4e147000 	C:\Windows\system32\napinsp.dll
0x00007ffb4cc60000 - 0x00007ffb4cc7b000 	C:\Windows\system32\pnrpnsp.dll
0x00007ffb6baf0000 - 0x00007ffb6bb0d000 	C:\Windows\system32\wshbth.dll
0x00007ffb6bd00000 - 0x00007ffb6bd1d000 	C:\Windows\system32\NLAapi.dll
0x00007ffb4d1e0000 - 0x00007ffb4d1f2000 	C:\Windows\System32\winrnr.dll
0x00007ffb56850000 - 0x00007ffb568a1000 	C:\Windows\SYSTEM32\pdh.dll
0x00007ffb6ce40000 - 0x00007ffb6ce4f000 	C:\Windows\System32\perfproc.dll
0x00007ffb6b730000 - 0x00007ffb6b73f000 	C:\Windows\System32\perfos.dll
0x00007ffb3e870000 - 0x00007ffb3e87e000 	C:\Program Files\Java\jdk-24\bin\sunmscapi.dll
0x00007ffb6ff40000 - 0x00007ffb7009d000 	C:\Windows\System32\CRYPT32.dll
0x00007ffb6f290000 - 0x00007ffb6f2b7000 	C:\Windows\SYSTEM32\ncrypt.dll
0x00007ffb6f240000 - 0x00007ffb6f27b000 	C:\Windows\SYSTEM32\NTASN1.dll
0x00007ffb49fe0000 - 0x00007ffb49fe7000 	C:\Windows\system32\wshunix.dll
0x00007ffb02900000 - 0x00007ffb02af8000 	C:\Users\User\AppData\Local\Temp\idea_libasyncProfiler_dll_temp_folder\libasyncProfiler.dll

JVMTI agents:
C:\Users\User\AppData\Local\Programs\IntelliJ IDEA Ultimate\lib\idea_rt.jar path:C:\Program Files\Java\jdk-24\bin\instrument.dll, loaded, initialized, instrumentlib options:59433

dbghelp: loaded successfully - version: 4.0.5 - missing functions: none
symbol engine: initialized successfully - sym options: 0x614 - pdb path: .;C:\Program Files\Java\jdk-24\bin;C:\Windows\SYSTEM32;C:\Windows\WinSxS\amd64_microsoft.windows.common-controls_6595b64144ccf1df_6.0.19041.5915_none_60b4b9d171f9c7c7;C:\Program Files\Java\jdk-24\bin\server;C:\Users\User\AppData\Local\Temp\idea_libasyncProfiler_dll_temp_folder

VM Arguments:
jvm_args: -XX:TieredStopAtLevel=1 -Dspring.output.ansi.enabled=always -Dcom.sun.management.jmxremote -Dspring.jmx.enabled=true -Dspring.liveBeansView.mbeanDomain -Dspring.application.admin.enabled=true -Dmanagement.endpoints.jmx.exposure.include=* -javaagent:C:\Users\User\AppData\Local\Programs\IntelliJ IDEA Ultimate\lib\idea_rt.jar=59433 -Dfile.encoding=UTF-8 -Dsun.stdout.encoding=UTF-8 -Dsun.stderr.encoding=UTF-8 
java_command: com.keniding.notificationSystem.NotificationSystemApplication
java_class_path (initial): C:\Users\User\Documents\workspace\kafka\notification-system\build\classes\java\main;C:\Users\User\Documents\workspace\kafka\notification-system\build\resources\main;C:\Users\User\.gradle\caches\modules-2\files-2.1\org.springframework.boot\spring-boot-starter-web\3.5.0\29c6198f7e5cd7c4b9a27045d93879e161d6cdd0\spring-boot-starter-web-3.5.0.jar;C:\Users\User\.gradle\caches\modules-2\files-2.1\org.springframework.kafka\spring-kafka\3.3.6\7b80a444ab74745e4f5c272675eeecabfe0caea4\spring-kafka-3.3.6.jar;C:\Users\User\.gradle\caches\modules-2\files-2.1\org.springframework.boot\spring-boot-starter-json\3.5.0\af98a526ea3f68c179a6c6199bb1dbe864f43b93\spring-boot-starter-json-3.5.0.jar;C:\Users\User\.gradle\caches\modules-2\files-2.1\org.springframework.boot\spring-boot-starter\3.5.0\f8b02201e89d294514420a586624aa7338d61f4f\spring-boot-starter-3.5.0.jar;C:\Users\User\.gradle\caches\modules-2\files-2.1\org.springframework.boot\spring-boot-starter-tomcat\3.5.0\2e22a33e6f9444a7248581a23541fea5c1f6c216\spring-boot-starter-tomcat-3.5.0.jar;C:\Users\User\.gradle\caches\modules-2\files-2.1\org.springframework\spring-webmvc\6.2.7\a1954b3a51f585c6b8582831661fec981d2571e\spring-webmvc-6.2.7.jar;C:\Users\User\.gradle\caches\modules-2\files-2.1\org.springframework\spring-web\6.2.7\1bd08eba2f2fd69eef49473e42fe124a20e7f844\spring-web-6.2.7.jar;C:\Users\User\.gradle\caches\modules-2\files-2.1\org.springframework\spring-context\6.2.7\e0f3850bba7ff52016429e8d2fa39b5107f1fde6\spring-context-6.2.7.jar;C:\Users\User\.gradle\caches\modules-2\files-2.1\org.springframework\spring-messaging\6.2.7\4d969084e3b1915ce04d8768d89fe9c092191500\spring-messaging-6.2.7.jar;C:\Users\User\.gradle\caches\modules-2\files-2.1\org.springframework\spring-tx\6.2.7\6cf5d200c297fa8cc0b4cf39c1a20b310d2c3d52\spring-tx-6.2.7.jar;C:\Users\User\.gradle\caches\modules-2\files-2.1\org.springframework.retry\spring-retry\2.0.12\62a14736086ffd6f382f0df3bf066a5a34f174fa\spring-retry-2.0.12.jar;C:\Users\User\.gradle\caches\modules-2\files-2.1\org.apache.kafka\kafka-clients\3.9.1\86ca079953ed5606257ff298c24666b26da6985b\kafka-clients-3.9.1.jar;C:\Users\User\.gradle\caches\modules-2\files-2.1\io.micrometer\micrometer-observation\1.15.0\1bcd42cb00aead4d441038fa86b0e6b41922e254\micrometer-observation-1.15.0.jar;C:\Users\User\.gradle\caches\modules-2\files-2.1\com.fasterxml.jackson.datatype\jackson-datatype-jsr310\2.19.0\4c98a2fa8b35b5ffe102438f747f7b526619fde7\jackson-datatype-jsr310-2.19.0.jar;C:\Users\User\.gradle\caches\modules-2\files-2.1\com.fasterxml.jackson.module\jackson-module-parameter-names\2.19.0\4963234952362539ca73c85b6a423c851f04f1d\jackson-module-parameter-names-2.19.0.jar;C:\Users\User\.gradle\caches\modules-2\files-2.1\com.fasterxml.jackson.datatype\jackson-datatype-jdk8\2.19.0\69312135ff6d6646203b9681fa48505f369210a6\jackson-datatype-jdk8-2.19.0.jar;C:\Users\User\.gradle\caches\modules-2\files-2.1\com.fasterxml.jackson.core\jackson-databind\2.19.0\b3f7506f6414fb04760561eec11a0880165c2a4a\jackson-databind-2.19.0.jar;C:\Users\User\.gradle\caches\modules-2\files-2.1\org.springframework.boot\spring-boot-autoconfigure\3.5.0\a7f8ba40022dd75f20ac0eafe117437a1a7f3935\spring-boot-autoconfigure-3.5.0.jar;C:\Users\User\.gradle\caches\modules-2\files-2.1\org.springframework.boot\spring-boot\3.5.0\ec86afc460265a0219bfafe187acb6c596ac2de1\spring-boot-3.5.0.jar;C:\Users\User\.gradle\caches\modules-2\files-2.1\org.springframework.boot\spring-boot-starter-logging\3.5.0\7db0461d8895f00a9841bf5558501fe90e7eba4c\spring-boot-starter-logging-3.5.0.jar;C:\Users\User\.gradle\caches\modules-2\files-2.1\jakarta.annotation\jakarta.annotation-api\2.1.1\48b9bda22b091b1f48b13af03fe36db3be6e1ae3\jakarta.annotation-api-2.1.1.jar;C:\Users\User\.gradle\caches\modules-2\files-2.1\org.springframework\spring-core\6.2.7\525a228b8b4323568b7aa9e49c1e1df27838adf1\spring-core-6.2.7.jar;C:\Users\User\.gradle\caches\modules-2\files-2.1\org.yaml\snakeyaml\2.4\e0666b825b796f85521f02360e77f4c92c5a7a07\snakeyaml-2.4.jar;C:\Users\User\.gradle\caches\modules-2\files-2.1\org.apache.tomcat.embed\tomcat-embed-websocket\10.1.41\d696393d5949252ed8d561184df118b3ca5efd07\tomcat-embed-websocket-10.1.41.jar;C:\Users\User\.gradle\caches\modules-2\files-2.1\org.apache.tomcat.embed\tomcat-embed-core\10.1.41\bcf9c79a4508fd36c93babc83823c09b3aa2d510\tomcat-embed-core-10.1.41.jar;C:\Users\User\.gradle\caches\modules-2\files-2.1\org.apache.tomcat.embed\tomcat-embed-el\10.1.41\5ca28d87f558ce31b9952dc9592f46633dc5d7a3\tomcat-embed-el-10.1.41.jar;C:\Users\User\.gradle\caches\modules-2\files-2.1\org.springframework\spring-aop\6.2.7\3df3ee9217cb62e65382718351e56f1eeb76e74c\spring-aop-6.2.7.jar;C:\Users\User\.gradle\caches\modules-2\files-2.1\org.springframework\spring-beans\6.2.7\64119950b73943f67196705e43acddd7bf714c45\spring-beans-6.2.7.jar;C:\Users\User\.gradle\caches\modules-2\files-2.1\org.springframework\spring-expression\6.2.7\fa525916c85df246fcb70c771d039523dd6f12d9\spring-expression-6.2.7.jar;C:\Users\User\.gradle\caches\modules-2\files-2.1\io.micrometer\micrometer-commons\1.15.0\a796f0418b2e0fe42988a1ca6e240d8b3fb5e954\micrometer-commons-1.15.0.jar;C:\Users\User\.gradle\caches\modules-2\files-2.1\com.fasterxml.jackson.core\jackson-annotations\2.19.0\fd1e7c56de1e5b658563c8c66d5074cceb4e3a0b\jackson-annotations-2.19.0.jar;C:\Users\User\.gradle\caches\modules-2\files-2.1\com.fasterxml.jackson.core\jackson-core\2.19.0\a90640e59ea42632a8e331ff1d6b706cf306050a\jackson-core-2.19.0.jar;C:\Users\User\.gradle\caches\modules-2\files-2.1\ch.qos.logback\logback-classic\1.5.18\fc371f3fc97a639de2d67947cffb7518ec5e3d40\logback-classic-1.5.18.jar;C:\Users\User\.gradle\caches\modules-2\files-2.1\org.apache.logging.log4j\log4j-to-slf4j\2.24.3\da1143e2a2531ee1c2d90baa98eb50a28a39d5a7\log4j-to-slf4j-2.24.3.jar;C:\Users\User\.gradle\caches\modules-2\files-2.1\org.slf4j\jul-to-slf4j\2.0.17\524cb6ccc2b68a57604750e1ab8b13b5a786a6aa\jul-to-slf4j-2.0.17.jar;C:\Users\User\.gradle\caches\modules-2\files-2.1\org.springframework\spring-jcl\6.2.7\16b5f3446a6fcf097f4910c935086d08db657653\spring-jcl-6.2.7.jar;C:\Users\User\.gradle\caches\modules-2\files-2.1\ch.qos.logback\logback-core\1.5.18\6c0375624f6f36b4e089e2488ba21334a11ef13f\logback-core-1.5.18.jar;C:\Users\User\.gradle\caches\modules-2\files-2.1\org.slf4j\slf4j-api\2.0.17\d9e58ac9c7779ba3bf8142aff6c830617a7fe60f\slf4j-api-2.0.17.jar;C:\Users\User\.gradle\caches\modules-2\files-2.1\org.apache.logging.log4j\log4j-api\2.24.3\b02c125db8b6d295adf72ae6e71af5d83bce2370\log4j-api-2.24.3.jar;C:\Users\User\.gradle\caches\modules-2\files-2.1\com.github.luben\zstd-jni\1.5.6-4\ba9e303e0b5e94cdd0017390d7d8c06f47fd61f7\zstd-jni-1.5.6-4.jar;C:\Users\User\.gradle\caches\modules-2\files-2.1\org.lz4\lz4-java\1.8.0\4b986a99445e49ea5fbf5d149c4b63f6ed6c6780\lz4-java-1.8.0.jar;C:\Users\User\.gradle\caches\modules-2\files-2.1\org.xerial.snappy\snappy-java\1.1.10.5\ac605269f3598506196e469f1fb0d7ed5c55059e\snappy-java-1.1.10.5.jar
Launcher Type: SUN_STANDARD

[Global flags]
     intx CICompilerCount                          = 4                                         {product} {ergonomic}
     uint ConcGCThreads                            = 2                                         {product} {ergonomic}
     bool FlightRecorder                           = true                                      {product} {management}
     uint G1ConcRefinementThreads                  = 8                                         {product} {ergonomic}
   size_t G1HeapRegionSize                         = 2097152                                   {product} {ergonomic}
   size_t InitialHeapSize                          = 232783872                                 {product} {ergonomic}
     bool ManagementServer                         = true                                      {product} {command line}
   size_t MarkStackSize                            = 4194304                                   {product} {ergonomic}
   size_t MarkStackSizeMax                         = 536870912                                 {product} {ergonomic}
   size_t MaxHeapSize                              = 3711959040                                {product} {ergonomic}
   size_t MaxNewSize                               = 2227175424                                {product} {ergonomic}
   size_t MinHeapDeltaBytes                        = 2097152                                   {product} {ergonomic}
   size_t MinHeapSize                              = 8388608                                   {product} {ergonomic}
    uintx NonNMethodCodeHeapSize                   = 4096                                   {pd product} {ergonomic}
    uintx NonProfiledCodeHeapSize                  = 0                                      {pd product} {ergonomic}
     bool ProfileInterpreter                       = false                                  {pd product} {command line}
    uintx ProfiledCodeHeapSize                     = 0                                      {pd product} {ergonomic}
   size_t SoftMaxHeapSize                          = 3711959040                             {manageable} {ergonomic}
     intx TieredStopAtLevel                        = 1                                         {product} {command line}
     bool UseCompressedOops                        = true                           {product lp64_product} {ergonomic}
     bool UseG1GC                                  = true                                      {product} {ergonomic}
     bool UseLargePagesIndividualAllocation        = false                                  {pd product} {ergonomic}

Logging:
Log output configuration:
 #0: stdout all=warning uptime,level,tags foldmultilines=false
 #1: stderr all=off uptime,level,tags foldmultilines=false

Environment Variables:
PATH=C:\Users\User\miniconda3;C:\Users\User\miniconda3\Library\mingw-w64\bin;C:\Users\User\miniconda3\Library\usr\bin;C:\Users\User\miniconda3\Library\bin;C:\Users\User\miniconda3\Scripts;C:\Users\User\miniconda3\bin;C:\Users\User\miniconda3\condabin;C:\Program Files\PowerShell\7;C:\Program Files\Common Files\Oracle\Java\javapath;C:\maven-mvnd-1.0.2-windows-amd64\bin;C:\Windows\system32;C:\Windows;C:\Windows\System32\Wbem;C:\Windows\System32\WindowsPowerShell\v1.0;C:\Windows\System32\OpenSSH;C:\Program Files\Docker\Docker\resources\bin;C:\Users\User\AppData\Local\nvm;C:\nvm4w\nodejs;C:\Program Files\Git\cmd;C:\Program Files\Amazon\AWSCLIV2;C:\Program Files\PowerShell\7;C:\xampp\php;C:\composer;C:\Users\User\.console-ninja\.bin;C:\Users\User\miniconda3;C:\Users\User\miniconda3\Scripts;C:\Users\User\miniconda3\Library\bin;C:\Users\User\AppData\Local\Programs\oh-my-posh\bin;C:\Users\User\AppData\Local\Programs\Python\Python313\Scripts;C:\Users\User\AppData\Local\Programs\Python\Python313;C:\Users\User\AppData\Local\Programs\Python\Launcher;C:\Users\User\AppData\Local\Microsoft\WindowsApps;C:\Users\User\AppData\Local\JetBrains\Toolbox\scripts;C:\Users\User\AppData\Local\Programs\Microsoft VS Code\bin;C:\maven-mvnd-1.0.2-windows-amd64\bin;C:\Users\User\AppData\Local\nvm;C:\nvm4w\nodejs;C:\Users\User\.bun\bin;C:\Users\User\AppData\Local\GitHubDesktop\bin;C:\Users\User\AppData\Roaming\Composer\vendor\bin
USERNAME=User
OS=Windows_NT
PROCESSOR_IDENTIFIER=AMD64 Family 23 Model 160 Stepping 0, AuthenticAMD
TMP=C:\Users\User\AppData\Local\Temp
TEMP=C:\Users\User\AppData\Local\Temp




Periodic native trim disabled

---------------  S Y S T E M  ---------------

OS:
 Windows 10 , 64 bit Build 19041 (10.0.19041.5915)
OS uptime: 5 days 2:04 hours
Hyper-V role detected

CPU: total 8 (initial active 8) (8 cores per cpu, 2 threads per core) family 23 model 160 stepping 0 microcode 0x0, cx8, cmov, fxsr, ht, mmx, 3dnowpref, sse, sse2, sse3, ssse3, sse4a, sse4.1, sse4.2, popcnt, lzcnt, tsc, tscinvbit, avx, avx2, aes, clmul, bmi1, bmi2, adx, sha, fma, vzeroupper, clflush, clflushopt, hv, rdtscp, rdpid, f16c
Processor Information for the first 8 processors :
  Max Mhz: 2801, Current Mhz: 2801, Mhz Limit: 2801

Memory: 4k page, system-wide physical 14157M (1742M free)
TotalPageFile size 32617M (AvailPageFile size 12506M)
current process WorkingSet (physical memory assigned to process): 169M, peak: 169M
current process commit charge ("private bytes"): 236M, peak: 353M

vm_info: Java HotSpot(TM) 64-Bit Server VM (24.0.1+9-30) for windows-amd64 JRE (24.0.1+9-30), built on 2025-03-05T07:23:45Z with MS VC++ 17.6 (VS2022)

END.
