#
# A fatal error has been detected by the Java Runtime Environment:
#
#  EXCEPTION_ACCESS_VIOLATION (0xc0000005) at pc=0x00007ffb024f26c4, pid=19416, tid=6332
#
# JRE version: Java(TM) SE Runtime Environment (24.0.1+9) (build 24.0.1+9-30)
# Java VM: Java HotSpot(TM) 64-Bit Server VM (24.0.1+9-30, mixed mode, emulated-client, sharing, tiered, compressed oops, compressed class ptrs, g1 gc, windows-amd64)
# Problematic frame:
# C  [libasyncProfiler.dll+0x926c4]
#
# No core dump will be written. Minidumps are not enabled by default on client versions of Windows
#
# JFR recording file will be written. Location: C:\Users\User\Documents\workspace\kafka\notification-system\hs_err_pid19416.jfr
#
# If you would like to submit a bug report, please visit:
#   https://bugreport.java.com/bugreport/crash.jsp
# The crash happened outside the Java Virtual Machine in native code.
# See problematic frame for where to report the bug.
#

---------------  S U M M A R Y ------------

Command Line: -XX:TieredStopAtLevel=1 -Dspring.output.ansi.enabled=always -Dcom.sun.management.jmxremote -Dspring.jmx.enabled=true -Dspring.liveBeansView.mbeanDomain -Dspring.application.admin.enabled=true -Dmanagement.endpoints.jmx.exposure.include=* -javaagent:C:\Users\User\AppData\Local\Programs\IntelliJ IDEA Ultimate\lib\idea_rt.jar=61069 -Dfile.encoding=UTF-8 -Dsun.stdout.encoding=UTF-8 -Dsun.stderr.encoding=UTF-8 com.keniding.notificationSystem.NotificationSystemApplication

Host: AMD Ryzen 5 7520U with Radeon Graphics         , 8 cores, 13G,  Windows 10 , 64 bit Build 19041 (10.0.19041.5915)
Time: Fri Jun  6 19:01:39 2025 Hora est. Pacífico, Sudamérica elapsed time: 16.244274 seconds (0d 0h 0m 16s)

---------------  T H R E A D  ---------------

Current thread (0x000001dd719cc5e0):  JavaThread "Attach Listener" daemon [_thread_in_native, id=6332, stack(0x0000002497c00000,0x0000002497d00000) (1024K)]

Stack: [0x0000002497c00000,0x0000002497d00000],  sp=0x0000002497cfee90,  free space=1019k
Native frames: (J=compiled Java code, j=interpreted, Vv=VM code, C=native code)
C  [libasyncProfiler.dll+0x926c4]  (no source info available)
C  [libasyncProfiler.dll+0x92b9b]  (no source info available)
C  [libasyncProfiler.dll+0x917f4]  (no source info available)
C  [libasyncProfiler.dll+0x9206a]  (no source info available)
C  [libasyncProfiler.dll+0x8cc21]  (no source info available)
C  [libasyncProfiler.dll+0x7e5e1]  (no source info available)
C  [libasyncProfiler.dll+0x7d2f8]  (no source info available)
C  [libasyncProfiler.dll+0x7d1e0]  (no source info available)
C  [libasyncProfiler.dll+0x841b9]  (no source info available)
V  [jvm.dll+0x57eff7]  (no source info available)
V  [jvm.dll+0x57fdac]  (no source info available)
V  [jvm.dll+0x14ca17]  (no source info available)
V  [jvm.dll+0x14dfe1]  (no source info available)
V  [jvm.dll+0x42f456]  (no source info available)
V  [jvm.dll+0x87d76b]  (no source info available)
V  [jvm.dll+0x72ee55]  (no source info available)
C  [ucrtbase.dll+0x21bb2]  (no source info available)
C  [KERNEL32.DLL+0x17374]  (no source info available)
C  [ntdll.dll+0x4cc91]  (no source info available)


siginfo: EXCEPTION_ACCESS_VIOLATION (0xc0000005), reading address 0xffffffffffffffff


Registers:
RAX=0x0000000000000010, RBX=0x0000000000000000, RCX=0xffffffffffffffff, RDX=0x007ffaf3dc301010
RSP=0x0000002497cfee90, RBP=0x000001dd459cadc8, RSI=0x0000002497cff000, RDI=0x000001dd459cadc8
R8 =0x0000000000000042, R9 =0x00000007ffc01c00, R10=0x00007ffaf4039fb0, R11=0x000000000000000e
R12=0x0000002497cff000, R13=0x000001dd46f26dd0, R14=0x000001dd719cc9a8, R15=0x000001dd719cc9a8
RIP=0x00007ffb024f26c4, EFLAGS=0x0000000000010202

XMM[0]=0x0000000000000000 0x0000000000000000
XMM[1]=0x0000000000000000 0x0000000000000000
XMM[2]=0x0000000000000000 0x0000000000000000
XMM[3]=0x0000000000000000 0x0000000000000000
XMM[4]=0x0000000000000000 0x0000000000000000
XMM[5]=0x0000000000000000 0x0000000000000000
XMM[6]=0x0000000000000000 0x0000000000000000
XMM[7]=0x0000000000000000 0x0000000000000000
XMM[8]=0x0000000000000000 0x0000000000000000
XMM[9]=0x0000000000000000 0x0000000000000000
XMM[10]=0x0000000000000000 0x0000000000000000
XMM[11]=0x0000000000000000 0x0000000000000000
XMM[12]=0x0000000000000000 0x0000000000000000
XMM[13]=0x0000000000000000 0x0000000000000000
XMM[14]=0x0000000000000000 0x0000000000000000
XMM[15]=0x0000000000000000 0x0000000000000000
  MXCSR=0x00001fa0


Register to memory mapping:

RAX=0x0000000000000010 is an unknown value
RBX=0x0 is null
RCX=0xffffffffffffffff is an unknown value
RDX=0x007ffaf3dc301010 is an unknown value
RSP=0x0000002497cfee90 is pointing into the stack for thread: 0x000001dd719cc5e0
RBP=0x000001dd459cadc8 points into unknown readable memory: 0x00000007ffc01c00 | 00 1c c0 ff 07 00 00 00
RSI=0x0000002497cff000 is pointing into the stack for thread: 0x000001dd719cc5e0
RDI=0x000001dd459cadc8 points into unknown readable memory: 0x00000007ffc01c00 | 00 1c c0 ff 07 00 00 00
R8 =0x0000000000000042 is an unknown value
R9 =0x00000007ffc01c00 is an oop: java.lang.ref.Reference$ReferenceHandler 
{0x00000007ffc01c00} - klass: 'java/lang/ref/Reference$ReferenceHandler' - flags: 

 - ---- fields (total size 14 words):
 - 'threadLocalRandomProbe' 'I' @12  0 (0x00000000)
 - private volatile 'eetop' 'J' @16  2050605473760 (0x000001dd719c5fe0)
 - private final 'tid' 'J' @24  14 (0x000000000000000e)
 - 'threadLocalRandomSeed' 'J' @32  0 (0x0000000000000000)
 - injected 'jvmti_thread_state' 'J' @40  2049886773888 (0x000001dd46c5e280)
 - 'threadLocalRandomSecondarySeed' 'I' @48  0 (0x00000000)
 - injected 'jvmti_VTMS_transition_disable_count' 'I' @52  0 (0x00000000)
 - injected 'jfr_epoch' 'S' @56  0 (0x0000)
 - volatile 'interrupted' 'Z' @58  false (0x00)
 - injected 'jvmti_is_in_VTMS_transition' 'Z' @59  false (0x00)
 - private volatile 'name' 'Ljava/lang/String;' @60  "Reference Handler"{0x0000000722e53f50} (0xe45ca7ea)
 - private volatile 'contextClassLoader' 'Ljava/lang/ClassLoader;' @64  null (0x00000000)
 - private final 'holder' 'Ljava/lang/Thread$FieldHolder;' @68  a 'java/lang/Thread$FieldHolder'{0x00000007ff8b31c8} (0xfff16639)
 - 'threadLocals' 'Ljava/lang/ThreadLocal$ThreadLocalMap;' @72  null (0x00000000)
 - 'inheritableThreadLocals' 'Ljava/lang/ThreadLocal$ThreadLocalMap;' @76  null (0x00000000)
 - private 'scopedValueBindings' 'Ljava/lang/Object;' @80  a 'java/lang/Class'{0x00000007ff9f9ea8} = 'java/lang/Thread' (0xfff3f3d5)
 - final 'interruptLock' 'Ljava/lang/Object;' @84  a 'java/lang/Object'{0x00000007ff8b31f0} (0xfff1663e)
 - private volatile 'parkBlocker' 'Ljava/lang/Object;' @88  null (0x00000000)
 - private 'nioBlocker' 'Lsun/nio/ch/Interruptible;' @92  null (0x00000000)
 - private 'cont' 'Ljdk/internal/vm/Continuation;' @96  null (0x00000000)
 - private volatile 'uncaughtExceptionHandler' 'Ljava/lang/Thread$UncaughtExceptionHandler;' @100  null (0x00000000)
 - private 'container' 'Ljdk/internal/vm/ThreadContainer;' @104  null (0x00000000)
 - private volatile 'headStackableScopes' 'Ljdk/internal/vm/StackableScope;' @108  null (0x00000000)
R10=0x00007ffaf4039fb0 jvm.dll
R11=0x000000000000000e is an unknown value
R12=0x0000002497cff000 is pointing into the stack for thread: 0x000001dd719cc5e0
R13=0x000001dd46f26dd0 points into unknown readable memory: 0x00007ffaf3faa510 | 10 a5 fa f3 fa 7f 00 00
R14=0x000001dd719cc9a8 points into unknown readable memory: 0x00007ffaf3fa17b0 | b0 17 fa f3 fa 7f 00 00
R15=0x000001dd719cc9a8 points into unknown readable memory: 0x00007ffaf3fa17b0 | b0 17 fa f3 fa 7f 00 00

Top of Stack: (sp=0x0000002497cfee90)
0x0000002497cfee90:   0000002497cff000 000001dd459cadc8   ....$......E....
0x0000002497cfeea0:   0000000000000000 000001dd719ccd30   ........0..q....
0x0000002497cfeeb0:   0000000000000036 00007ffb024f2b9b   6........+O.....
0x0000002497cfeec0:   0000000000000000 000001dd719cc9a8   ...........q....
0x0000002497cfeed0:   0000002497cff001 0000000000000000   ....$...........
0x0000002497cfeee0:   000001dd47faa940 00007ffb024f17f4   @..G......O.....
0x0000002497cfeef0:   0000000000000000 0000000000000036   ........6.......
0x0000002497cfef00:   0000000000000000 0000000000000036   ........6.......
0x0000002497cfef10:   0000001e00000000 000001dd46e34140   ........@A.F....
0x0000002497cfef20:   000001dd47faa940 000001dd47faaa18   @..G.......G....
0x0000002497cfef30:   000001dd47faaa3c 0000000000006298   <..G.....b......
0x0000002497cfef40:   0000000000000000 0000000000000000   ................
0x0000002497cfef50:   0000000000000000 00007ffaf38057d4   .........W......
0x0000002497cfef60:   00007ffb02634ca0 0000000000004bd8   .Lc......K......
0x0000002497cfef70:   00007ffb02634ca0 00000000ffffffff   .Lc.............
0x0000002497cfef80:   0000000000000000 00007ffb024f206a   ........j O.....
0x0000002497cfef90:   000001dd719cc9a8 0000000000000000   ...q............
0x0000002497cfefa0:   0000002497cff009 000001dd46f26dd0   ....$....m.F....
0x0000002497cfefb0:   0000000000000003 0000000000000048   ........H.......
0x0000002497cfefc0:   0000000800800310 0000000000000020   ........ .......
0x0000002497cfefd0:   000001dd719cc9a8 00007ffb02634ca0   ...q.....Lc.....
0x0000002497cfefe0:   000001dd7187e380 000001dd46c5e280   ...q.......F....
0x0000002497cfeff0:   0000000800800390 000001dd719cc9a8   ...........q....
0x0000002497cff000:   000001dd453ef4f0 000001dd453efbb0   ..>E......>E....
0x0000002497cff010:   000001dd453efbb0 00007ffb02634ca0   ..>E.....Lc.....
0x0000002497cff020:   0000002497cff198 000001dd5cc60000   ....$......\....
0x0000002497cff030:   0000002497cff2d0 0000000000008840   ....$...@.......
0x0000002497cff040:   0000002497cff4b0 00007ffb02634cf0   ....$....Lc.....
0x0000002497cff050:   0000000000989680 0000000000989680   ................
0x0000002497cff060:   0000002497cff170 00007ffb024ecc21   p...$...!.N.....
0x0000002497cff070:   00007ffb02634ca0 00007ffb02634cf8   .Lc......Lc.....
0x0000002497cff080:   00007ffb00000000 00007ffa00000001   ................

Instructions: (pc=0x00007ffb024f26c4)
  0x00007ffb024f25c4:   cc cc cc cc cc cc cc cc cc cc cc cc cc cc cc cc
  0x00007ffb024f25d4:   cc cc cc cc cc cc cc cc cc cc cc cc cc cc cc cc
  0x00007ffb024f25e4:   cc cc cc cc cc cc cc cc cc cc cc cc cc cc cc cc
  0x00007ffb024f25f4:   cc cc cc cc cc cc cc cc cc cc cc cc cc cc cc cc
  0x00007ffb024f2604:   cc cc cc cc cc cc cc cc cc cc cc cc cc cc cc cc
  0x00007ffb024f2614:   cc cc cc cc cc cc cc cc cc cc cc cc cc cc cc cc
  0x00007ffb024f2624:   cc cc cc cc cc cc cc cc cc cc cc cc cc cc cc cc
  0x00007ffb024f2634:   cc cc cc cc cc cc cc cc cc cc cc cc cc cc cc cc
  0x00007ffb024f2644:   cc cc cc cc cc cc cc cc cc cc cc cc 40 57 48 83
  0x00007ffb024f2654:   ec 20 48 8b f9 48 8b 0d 10 28 14 00 48 85 c9 74
  0x00007ffb024f2664:   20 48 8b 01 48 8d 54 24 38 41 b8 06 00 01 00 4c
  0x00007ffb024f2674:   8b 48 30 41 ff d1 85 c0 75 07 48 8b 4c 24 38 eb
  0x00007ffb024f2684:   02 33 c9 4c 8b 05 ea 28 14 00 48 89 5c 24 30 4d
  0x00007ffb024f2694:   85 c0 74 4a 48 8b 01 48 8b d7 4c 8b 88 28 03 00
  0x00007ffb024f26a4:   00 41 ff d1 48 85 c0 74 35 48 63 0d f8 e6 13 00
  0x00007ffb024f26b4:   48 8b 14 01 48 85 d2 74 15 48 63 05 fc e6 13 00
=>0x00007ffb024f26c4:   8b 04 10 48 8b 5c 24 30 48 83 c4 20 5f c3 b8 ff
  0x00007ffb024f26d4:   ff ff ff 48 8b 5c 24 30 48 83 c4 20 5f c3 80 3d
  0x00007ffb024f26e4:   9b 27 14 00 00 bb ff ff ff ff 74 20 4c 8b 0d 31
  0x00007ffb024f26f4:   24 14 00 4c 8d 44 24 38 48 8b 0d 15 24 14 00 48
  0x00007ffb024f2704:   8b d7 41 ff d1 85 c0 0f 44 5c 24 38 8b c3 48 8b
  0x00007ffb024f2714:   5c 24 30 48 83 c4 20 5f c3 cc cc cc cc cc cc cc
  0x00007ffb024f2724:   cc cc cc cc cc cc cc cc cc cc cc cc cc cc cc cc
  0x00007ffb024f2734:   cc cc cc cc cc cc cc cc cc cc cc cc cc cc cc cc
  0x00007ffb024f2744:   cc cc cc cc cc cc cc cc cc cc cc cc 48 89 54 24
  0x00007ffb024f2754:   10 53 55 56 57 41 56 41 57 48 83 ec 28 48 8b f2
  0x00007ffb024f2764:   4c 8b f1 48 89 4c 24 78 45 33 ff 44 89 7c 24 68
  0x00007ffb024f2774:   c7 44 24 60 01 00 00 00 48 8d 4c 24 68 e8 ed 42
  0x00007ffb024f2784:   f7 ff 8b d8 48 8d 4c 24 60 e8 e1 42 f7 ff 8b e8
  0x00007ffb024f2794:   49 8b ce e8 00 fc f6 ff 48 8b f8 90 8b c3 f0 0f
  0x00007ffb024f27a4:   b1 2f 74 04 f3 90 eb f4 4c 89 3e 4c 89 7e 08 4c
  0x00007ffb024f27b4:   89 7e 10 49 8b 6e 08 4d 8b 76 10 49 3b ee 0f 84


Stack slot to memory mapping:

stack at sp + 0 slots: 0x0000002497cff000 is pointing into the stack for thread: 0x000001dd719cc5e0
stack at sp + 1 slots: 0x000001dd459cadc8 points into unknown readable memory: 0x00000007ffc01c00 | 00 1c c0 ff 07 00 00 00
stack at sp + 2 slots: 0x0 is null
stack at sp + 3 slots: 0x000001dd719ccd30 points into unknown readable memory: 0x6e616c2e6176616a | 6a 61 76 61 2e 6c 61 6e
stack at sp + 4 slots: 0x0000000000000036 is an unknown value
stack at sp + 5 slots: 0x00007ffb024f2b9b libasyncProfiler.dll
stack at sp + 6 slots: 0x0 is null
stack at sp + 7 slots: 0x000001dd719cc9a8 points into unknown readable memory: 0x00007ffaf3fa17b0 | b0 17 fa f3 fa 7f 00 00

Lock stack of current Java thread (top to bottom):


---------------  P R O C E S S  ---------------

Threads class SMR info:
_java_thread_list=0x000001dd46d86b20, length=35, elements={
0x000001dd719c5fe0, 0x000001dd719c7a00, 0x000001dd719c9aa0, 0x000001dd719cc5e0,
0x000001dd719cdb40, 0x000001dd719d0e90, 0x000001dd719d21d0, 0x000001dd450cf490,
0x000001dd45345db0, 0x000001dd45341ea0, 0x000001dd45acb100, 0x000001dd45b1f6f0,
0x000001dd45b08cf0, 0x000001dd45b1e620, 0x000001dd461d0690, 0x000001dd46d5c3b0,
0x000001dd46d5cb00, 0x000001dd46d5b510, 0x000001dd46d5bc60, 0x000001dd46f35870,
0x000001dd46f349d0, 0x000001dd46f38ba0, 0x000001dd46f39a40, 0x000001dd46f35fc0,
0x000001dd46f3a190, 0x000001dd46f36710, 0x000001dd46f35120, 0x000001dd46f3a8e0,
0x000001dd46f38450, 0x000001dd46f36e60, 0x000001dd46f392f0, 0x000001dd46f375b0,
0x000001dd4507e7e0, 0x000001dd453d4820, 0x000001dd46f3b030
}

Java Threads: ( => current thread )
  0x000001dd719c5fe0 JavaThread "Reference Handler"          daemon [_thread_blocked, id=22932, stack(0x0000002497900000,0x0000002497a00000) (1024K)]
  0x000001dd719c7a00 JavaThread "Finalizer"                  daemon [_thread_blocked, id=5284, stack(0x0000002497a00000,0x0000002497b00000) (1024K)]
  0x000001dd719c9aa0 JavaThread "Signal Dispatcher"          daemon [_thread_blocked, id=5352, stack(0x0000002497b00000,0x0000002497c00000) (1024K)]
=>0x000001dd719cc5e0 JavaThread "Attach Listener"            daemon [_thread_in_native, id=6332, stack(0x0000002497c00000,0x0000002497d00000) (1024K)]
  0x000001dd719cdb40 JavaThread "Service Thread"             daemon [_thread_blocked, id=16472, stack(0x0000002497d00000,0x0000002497e00000) (1024K)]
  0x000001dd719d0e90 JavaThread "Monitor Deflation Thread"   daemon [_thread_blocked, id=8312, stack(0x0000002497e00000,0x0000002497f00000) (1024K)]
  0x000001dd719d21d0 JavaThread "C1 CompilerThread0"         daemon [_thread_blocked, id=21524, stack(0x0000002497f00000,0x0000002498000000) (1024K)]
  0x000001dd450cf490 JavaThread "Common-Cleaner"             daemon [_thread_blocked, id=6976, stack(0x0000002498100000,0x0000002498200000) (1024K)]
  0x000001dd45345db0 JavaThread "Monitor Ctrl-Break"         daemon [_thread_in_native, id=26184, stack(0x0000002498300000,0x0000002498400000) (1024K)]
  0x000001dd45341ea0 JavaThread "Notification Thread"        daemon [_thread_blocked, id=25604, stack(0x0000002498400000,0x0000002498500000) (1024K)]
  0x000001dd45acb100 JavaThread "RMI TCP Accept-0"           daemon [_thread_in_native, id=23460, stack(0x0000002498500000,0x0000002498600000) (1024K)]
  0x000001dd45b1f6f0 JavaThread "RMI TCP Connection(1)-10.247.14.23" daemon [_thread_in_native, id=29396, stack(0x0000002498600000,0x0000002498700000) (1024K)]
  0x000001dd45b08cf0 JavaThread "RMI Scheduler(0)"           daemon [_thread_blocked, id=8956, stack(0x0000002498700000,0x0000002498800000) (1024K)]
  0x000001dd45b1e620 JavaThread "JMX server connection timeout 31" daemon [_thread_blocked, id=12212, stack(0x0000002498800000,0x0000002498900000) (1024K)]
  0x000001dd461d0690 JavaThread "RMI TCP Connection(2)-10.247.14.23" daemon [_thread_in_native, id=10588, stack(0x0000002498a00000,0x0000002498b00000) (1024K)]
  0x000001dd46d5c3b0 JavaThread "Catalina-utility-1"                [_thread_blocked, id=2060, stack(0x0000002499300000,0x0000002499400000) (1024K)]
  0x000001dd46d5cb00 JavaThread "Catalina-utility-2"                [_thread_blocked, id=1884, stack(0x0000002499400000,0x0000002499500000) (1024K)]
  0x000001dd46d5b510 JavaThread "container-0"                       [_thread_blocked, id=27500, stack(0x0000002499500000,0x0000002499600000) (1024K)]
  0x000001dd46d5bc60 JavaThread "http-nio-8080-exec-1"       daemon [_thread_blocked, id=4848, stack(0x0000002499600000,0x0000002499700000) (1024K)]
  0x000001dd46f35870 JavaThread "http-nio-8080-exec-2"       daemon [_thread_blocked, id=26152, stack(0x0000002499700000,0x0000002499800000) (1024K)]
  0x000001dd46f349d0 JavaThread "http-nio-8080-exec-3"       daemon [_thread_blocked, id=1156, stack(0x0000002499800000,0x0000002499900000) (1024K)]
  0x000001dd46f38ba0 JavaThread "http-nio-8080-exec-4"       daemon [_thread_blocked, id=21812, stack(0x0000002499900000,0x0000002499a00000) (1024K)]
  0x000001dd46f39a40 JavaThread "http-nio-8080-exec-5"       daemon [_thread_blocked, id=15060, stack(0x0000002499a00000,0x0000002499b00000) (1024K)]
  0x000001dd46f35fc0 JavaThread "http-nio-8080-exec-6"       daemon [_thread_blocked, id=17088, stack(0x0000002499b00000,0x0000002499c00000) (1024K)]
  0x000001dd46f3a190 JavaThread "http-nio-8080-exec-7"       daemon [_thread_blocked, id=7884, stack(0x0000002499c00000,0x0000002499d00000) (1024K)]
  0x000001dd46f36710 JavaThread "http-nio-8080-exec-8"       daemon [_thread_blocked, id=11904, stack(0x0000002499d00000,0x0000002499e00000) (1024K)]
  0x000001dd46f35120 JavaThread "http-nio-8080-exec-9"       daemon [_thread_blocked, id=20852, stack(0x0000002499e00000,0x0000002499f00000) (1024K)]
  0x000001dd46f3a8e0 JavaThread "http-nio-8080-exec-10"      daemon [_thread_blocked, id=8108, stack(0x0000002499f00000,0x000000249a000000) (1024K)]
  0x000001dd46f38450 JavaThread "http-nio-8080-Poller"       daemon [_thread_in_native, id=28156, stack(0x000000249a000000,0x000000249a100000) (1024K)]
  0x000001dd46f36e60 JavaThread "http-nio-8080-Acceptor"     daemon [_thread_in_native, id=8164, stack(0x000000249a100000,0x000000249a200000) (1024K)]
  0x000001dd46f392f0 JavaThread "DestroyJavaVM"                     [_thread_blocked, id=27136, stack(0x0000002497100000,0x0000002497200000) (1024K)]
  0x000001dd46f375b0 JavaThread "JFR Recorder Thread"        daemon [_thread_in_native, id=18276, stack(0x0000002498000000,0x0000002498100000) (1024K)]
  0x000001dd4507e7e0 JavaThread "C1 CompilerThread1"         daemon [_thread_blocked, id=25656, stack(0x0000002498200000,0x0000002498300000) (1024K)]
  0x000001dd453d4820 JavaThread "C1 CompilerThread2"         daemon [_thread_blocked, id=25108, stack(0x0000002499200000,0x0000002499300000) (1024K)]
  0x000001dd46f3b030 JavaThread "JFR Periodic Tasks"         daemon [_thread_blocked, id=25240, stack(0x000000249a200000,0x000000249a300000) (1024K)]
Total: 35

Other Threads:
  0x000001dd719b90c0 VMThread "VM Thread"                           [id=12800, stack(0x0000002497800000,0x0000002497900000) (1024K)]
  0x000001dd719ae010 WatcherThread "VM Periodic Task Thread"        [id=25004, stack(0x0000002497700000,0x0000002497800000) (1024K)]
  0x000001dd5ef0ddc0 WorkerThread "GC Thread#0"                     [id=21584, stack(0x0000002497200000,0x0000002497300000) (1024K)]
  0x000001dd461d6400 WorkerThread "GC Thread#1"                     [id=8328, stack(0x0000002498b00000,0x0000002498c00000) (1024K)]
  0x000001dd461d4de0 WorkerThread "GC Thread#2"                     [id=21328, stack(0x0000002498c00000,0x0000002498d00000) (1024K)]
  0x000001dd461d5190 WorkerThread "GC Thread#3"                     [id=8220, stack(0x0000002498d00000,0x0000002498e00000) (1024K)]
  0x000001dd461d58f0 WorkerThread "GC Thread#4"                     [id=12016, stack(0x0000002498e00000,0x0000002498f00000) (1024K)]
  0x000001dd461d4a30 WorkerThread "GC Thread#5"                     [id=21220, stack(0x0000002498f00000,0x0000002499000000) (1024K)]
  0x000001dd461d6050 WorkerThread "GC Thread#6"                     [id=3316, stack(0x0000002499000000,0x0000002499100000) (1024K)]
  0x000001dd461d5540 WorkerThread "GC Thread#7"                     [id=9372, stack(0x0000002499100000,0x0000002499200000) (1024K)]
  0x000001dd5ef21030 ConcurrentGCThread "G1 Main Marker"            [id=26824, stack(0x0000002497300000,0x0000002497400000) (1024K)]
  0x000001dd5ef22350 WorkerThread "G1 Conc#0"                       [id=20320, stack(0x0000002497400000,0x0000002497500000) (1024K)]
  0x000001dd46ae7440 WorkerThread "G1 Conc#1"                       [id=12564, stack(0x0000002498900000,0x0000002498a00000) (1024K)]
  0x000001dd5ef6e060 ConcurrentGCThread "G1 Refine#0"               [id=21356, stack(0x0000002497500000,0x0000002497600000) (1024K)]
  0x000001dd7187c530 ConcurrentGCThread "G1 Service"                [id=7504, stack(0x0000002497600000,0x0000002497700000) (1024K)]
Total: 15

Threads with active compile tasks:
Total: 0

VM state: not at safepoint (normal execution)

VM Mutex/Monitor currently owned by a thread: None

Heap address: 0x0000000722c00000, size: 3540 MB, Compressed Oops mode: Zero based, Oop shift amount: 3

CDS archive(s) mapped at: [0x000001dd00000000-0x000001dd00d40000-0x000001dd00d40000), size 13893632, SharedBaseAddress: 0x000001dd00000000, ArchiveRelocationMode: 1.
Compressed class space mapped at: 0x000001dd01000000-0x000001dd41000000, reserved size: 1073741824
UseCompressedClassPointers 1, UseCompactObjectHeaders 0
Narrow klass pointer bits 32, Max shift 3
Narrow klass base: 0x000001dd00000000, Narrow klass shift: 0
Encoding Range: [0x000001dd00000000 - 0x000001de00000000), (4294967296 bytes)
Klass Range:    [0x000001dd00000000 - 0x000001dd41000000), (1090519040 bytes)
Klass ID Range:  [8 - 1090519033) (1090519025)

GC Precious Log:
 CardTable entry size: 512
 Card Set container configuration: InlinePtr #cards 4 size 8 Array Of Cards #cards 16 size 48 Howl #buckets 8 coarsen threshold 3686 Howl Bitmap #cards 512 size 80 coarsen threshold 460 Card regions per heap region 1 cards per card region 4096
 CPUs: 8 total, 8 available
 Memory: 14157M
 Large Page Support: Disabled
 NUMA Support: Disabled
 Compressed Oops: Enabled (Zero based)
 Heap Region Size: 2M
 Heap Min Capacity: 8M
 Heap Initial Capacity: 222M
 Heap Max Capacity: 3540M
 Pre-touch: Disabled
 Parallel Workers: 8
 Concurrent Workers: 2
 Concurrent Refinement Workers: 8
 Periodic GC: Disabled

Heap:
 garbage-first heap   total reserved 3624960K, committed 69632K, used 26467K [0x0000000722c00000, 0x0000000800000000)
  region size 2048K, 7 young (14336K), 2 survivors (4096K)
 Metaspace       used 30474K, committed 31040K, reserved 1114112K
  class space    used 3552K, committed 3776K, reserved 1048576K

Heap Regions: E=young(eden), S=young(survivor), O=old, HS=humongous(starts), HC=humongous(continues), CS=collection set, F=free, TAMS=top-at-mark-start, PB=parsable bottom
|   0|0x0000000722c00000, 0x0000000722ca8ff8, 0x0000000722e00000| 33%| O|  |TAMS 0x0000000722c00000| PB 0x0000000722c00000| Untracked |  0
|   1|0x0000000722e00000, 0x0000000723000000, 0x0000000723000000|100%| O|  |TAMS 0x0000000722e00000| PB 0x0000000722e00000| Untracked |  0
|   2|0x0000000723000000, 0x0000000723200000, 0x0000000723200000|100%| O|  |TAMS 0x0000000723000000| PB 0x0000000723000000| Untracked |  0
|   3|0x0000000723200000, 0x0000000723400000, 0x0000000723400000|100%| O|  |TAMS 0x0000000723200000| PB 0x0000000723200000| Untracked |  0
|   4|0x0000000723400000, 0x00000007235f6440, 0x0000000723600000| 98%| O|  |TAMS 0x0000000723400000| PB 0x0000000723400000| Untracked |  0
|   5|0x0000000723600000, 0x0000000723600000, 0x0000000723800000|  0%| F|  |TAMS 0x0000000723600000| PB 0x0000000723600000| Untracked |  0
|   6|0x0000000723800000, 0x0000000723800000, 0x0000000723a00000|  0%| F|  |TAMS 0x0000000723800000| PB 0x0000000723800000| Untracked |  0
|   7|0x0000000723a00000, 0x0000000723a00000, 0x0000000723c00000|  0%| F|  |TAMS 0x0000000723a00000| PB 0x0000000723a00000| Untracked |  0
|   8|0x0000000723c00000, 0x0000000723c00000, 0x0000000723e00000|  0%| F|  |TAMS 0x0000000723c00000| PB 0x0000000723c00000| Untracked |  0
|   9|0x0000000723e00000, 0x0000000723f39940, 0x0000000724000000| 61%| S|CS|TAMS 0x0000000723e00000| PB 0x0000000723e00000| Complete |  0
|  10|0x0000000724000000, 0x0000000724200000, 0x0000000724200000|100%| S|CS|TAMS 0x0000000724000000| PB 0x0000000724000000| Complete |  0
|  11|0x0000000724200000, 0x0000000724200000, 0x0000000724400000|  0%| F|  |TAMS 0x0000000724200000| PB 0x0000000724200000| Untracked |  0
|  12|0x0000000724400000, 0x0000000724400000, 0x0000000724600000|  0%| F|  |TAMS 0x0000000724400000| PB 0x0000000724400000| Untracked |  0
|  13|0x0000000724600000, 0x0000000724600000, 0x0000000724800000|  0%| F|  |TAMS 0x0000000724600000| PB 0x0000000724600000| Untracked |  0
|  14|0x0000000724800000, 0x0000000724800000, 0x0000000724a00000|  0%| F|  |TAMS 0x0000000724800000| PB 0x0000000724800000| Untracked |  0
|  15|0x0000000724a00000, 0x0000000724a00000, 0x0000000724c00000|  0%| F|  |TAMS 0x0000000724a00000| PB 0x0000000724a00000| Untracked |  0
|  16|0x0000000724c00000, 0x0000000724c00000, 0x0000000724e00000|  0%| F|  |TAMS 0x0000000724c00000| PB 0x0000000724c00000| Untracked |  0
|  17|0x0000000724e00000, 0x0000000724e00000, 0x0000000725000000|  0%| F|  |TAMS 0x0000000724e00000| PB 0x0000000724e00000| Untracked |  0
|  18|0x0000000725000000, 0x0000000725000000, 0x0000000725200000|  0%| F|  |TAMS 0x0000000725000000| PB 0x0000000725000000| Untracked |  0
|  19|0x0000000725200000, 0x0000000725200000, 0x0000000725400000|  0%| F|  |TAMS 0x0000000725200000| PB 0x0000000725200000| Untracked |  0
|  20|0x0000000725400000, 0x0000000725400000, 0x0000000725600000|  0%| F|  |TAMS 0x0000000725400000| PB 0x0000000725400000| Untracked |  0
|  21|0x0000000725600000, 0x0000000725600000, 0x0000000725800000|  0%| F|  |TAMS 0x0000000725600000| PB 0x0000000725600000| Untracked |  0
|  22|0x0000000725800000, 0x0000000725800000, 0x0000000725a00000|  0%| F|  |TAMS 0x0000000725800000| PB 0x0000000725800000| Untracked |  0
|  73|0x000000072be00000, 0x000000072be00000, 0x000000072c000000|  0%| F|  |TAMS 0x000000072be00000| PB 0x000000072be00000| Untracked |  0
|  74|0x000000072c000000, 0x000000072c000000, 0x000000072c200000|  0%| F|  |TAMS 0x000000072c000000| PB 0x000000072c000000| Untracked |  0
|  75|0x000000072c200000, 0x000000072c200000, 0x000000072c400000|  0%| F|  |TAMS 0x000000072c200000| PB 0x000000072c200000| Untracked |  0
|  76|0x000000072c400000, 0x000000072c449ad0, 0x000000072c600000| 14%| E|  |TAMS 0x000000072c400000| PB 0x000000072c400000| Complete |  0
|  77|0x000000072c600000, 0x000000072c800000, 0x000000072c800000|100%| E|CS|TAMS 0x000000072c600000| PB 0x000000072c600000| Complete |  0
|  78|0x000000072c800000, 0x000000072ca00000, 0x000000072ca00000|100%| E|CS|TAMS 0x000000072c800000| PB 0x000000072c800000| Complete |  0
| 110|0x0000000730800000, 0x0000000730a00000, 0x0000000730a00000|100%| E|CS|TAMS 0x0000000730800000| PB 0x0000000730800000| Complete |  0
|1766|0x00000007ff800000, 0x00000007ffa00000, 0x00000007ffa00000|100%| O|  |TAMS 0x00000007ff800000| PB 0x00000007ff800000| Untracked |  0
|1767|0x00000007ffa00000, 0x00000007ffc00000, 0x00000007ffc00000|100%| O|  |TAMS 0x00000007ffa00000| PB 0x00000007ffa00000| Untracked |  0
|1768|0x00000007ffc00000, 0x00000007ffe00000, 0x00000007ffe00000|100%| O|  |TAMS 0x00000007ffc00000| PB 0x00000007ffc00000| Untracked |  0
|1769|0x00000007ffe00000, 0x0000000800000000, 0x0000000800000000|100%| E|CS|TAMS 0x00000007ffe00000| PB 0x00000007ffe00000| Complete |  0

Card table byte_map: [0x000001dd6b170000,0x000001dd6b860000] _byte_map_base: 0x000001dd6785a000

Marking Bits: (CMBitMap*) 0x000001dd5ef0e4d0
 Bits: [0x000001dd6b860000, 0x000001dd6efb0000)

Polling page: 0x000001dd5cc20000

Metaspace:

Usage:
  Non-class:     26.29 MB used.
      Class:      3.47 MB used.
       Both:     29.76 MB used.

Virtual space:
  Non-class space:       64.00 MB reserved,      26.62 MB ( 42%) committed,  1 nodes.
      Class space:        1.00 GB reserved,       3.69 MB ( <1%) committed,  1 nodes.
             Both:        1.06 GB reserved,      30.31 MB (  3%) committed. 

Chunk freelists:
   Non-Class:  4.93 MB
       Class:  12.33 MB
        Both:  17.26 MB

MaxMetaspaceSize: unlimited
CompressedClassSpaceSize: 1.00 GB
Initial GC threshold: 21.00 MB
Current GC threshold: 35.12 MB
CDS: on
 - commit_granule_bytes: 65536.
 - commit_granule_words: 8192.
 - virtual_space_node_default_size: 8388608.
 - enlarge_chunks_in_place: 1.
UseCompressedClassPointers 1, UseCompactObjectHeaders 0
Narrow klass pointer bits 32, Max shift 3
Narrow klass base: 0x000001dd00000000, Narrow klass shift: 0
Encoding Range: [0x000001dd00000000 - 0x000001de00000000), (4294967296 bytes)
Klass Range:    [0x000001dd00000000 - 0x000001dd41000000), (1090519040 bytes)
Klass ID Range:  [8 - 1090519033) (1090519025)


Internal statistics:

num_allocs_failed_limit: 3.
num_arena_births: 584.
num_arena_deaths: 0.
num_vsnodes_births: 2.
num_vsnodes_deaths: 0.
num_space_committed: 485.
num_space_uncommitted: 0.
num_chunks_returned_to_freelist: 3.
num_chunks_taken_from_freelist: 1598.
num_chunk_merges: 3.
num_chunk_splits: 1095.
num_chunks_enlarged: 813.
num_inconsistent_stats: 0.

CodeCache: size=49152Kb used=7896Kb max_used=8133Kb free=41255Kb
 bounds [0x000001dd67750000, 0x000001dd67f50000, 0x000001dd6a750000]
 total_blobs=5212, nmethods=4657, adapters=478, full_count=0
Compilation: enabled, stopped_count=0, restarted_count=0

Compilation events (20 events):
Event: 16.200 Thread 0x000001dd719d21d0 4649       1       jdk.jfr.internal.EventControl::getEventType (5 bytes)
Event: 16.201 Thread 0x000001dd453d4820 4650       1       jdk.jfr.internal.EventControl::getSettingsId (5 bytes)
Event: 16.201 Thread 0x000001dd4507e7e0 4651       1       jdk.jfr.internal.EventControl::getNamedControls (5 bytes)
Event: 16.201 Thread 0x000001dd719d21d0 nmethod 4649 0x000001dd678b4088 code [0x000001dd678b4180, 0x000001dd678b4248]
Event: 16.201 Thread 0x000001dd453d4820 nmethod 4650 0x000001dd678b3d88 code [0x000001dd678b3e80, 0x000001dd678b3f48]
Event: 16.201 Thread 0x000001dd453d4820 4653   !   1       jdk.jfr.internal.Control::setValue (102 bytes)
Event: 16.201 Thread 0x000001dd719d21d0 4652       1       jdk.jfr.internal.PlatformEventType::isEnabled (5 bytes)
Event: 16.201 Thread 0x000001dd4507e7e0 nmethod 4651 0x000001dd678b3a88 code [0x000001dd678b3b80, 0x000001dd678b3c48]
Event: 16.201 Thread 0x000001dd4507e7e0 4654       1       jdk.jfr.internal.SettingsManager$InternalSetting::getValues (35 bytes)
Event: 16.201 Thread 0x000001dd719d21d0 nmethod 4652 0x000001dd678b3788 code [0x000001dd678b3880, 0x000001dd678b3948]
Event: 16.201 Thread 0x000001dd719d21d0 4655       1       jdk.jfr.internal.Control::apply (10 bytes)
Event: 16.201 Thread 0x000001dd4507e7e0 nmethod 4654 0x000001dd678b3408 code [0x000001dd678b3540, 0x000001dd678b3748]
Event: 16.201 Thread 0x000001dd719d21d0 nmethod 4655 0x000001dd678b3108 code [0x000001dd678b3220, 0x000001dd678b3330]
Event: 16.201 Thread 0x000001dd719d21d0 4656       1       jdk.jfr.internal.Control::findCombine (121 bytes)
Event: 16.201 Thread 0x000001dd719d21d0 nmethod 4656 0x000001dd678b2788 code [0x000001dd678b2940, 0x000001dd678b30f0]
Event: 16.201 Thread 0x000001dd453d4820 nmethod 4653 0x000001dd678b1e88 code [0x000001dd678b2080, 0x000001dd678b2710]
Event: 16.203 Thread 0x000001dd453d4820 4657       1       jdk.jfr.internal.periodic.EventTask::getEventType (5 bytes)
Event: 16.204 Thread 0x000001dd453d4820 nmethod 4657 0x000001dd678b1b88 code [0x000001dd678b1c80, 0x000001dd678b1d48]
Event: 16.204 Thread 0x000001dd453d4820 4658       1       jdk.jfr.internal.periodic.PeriodicTask::getPeriod (5 bytes)
Event: 16.204 Thread 0x000001dd453d4820 nmethod 4658 0x000001dd678b1888 code [0x000001dd678b1980, 0x000001dd678b1a48]

GC Heap History (8 events):
Event: 1.306 GC heap before
{Heap before GC invocations=0 (full 0):
 garbage-first heap   total reserved 3624960K, committed 229376K, used 48244K [0x0000000722c00000, 0x0000000800000000)
  region size 2048K, 24 young (49152K), 0 survivors (0K)
 Metaspace       used 10813K, committed 11072K, reserved 1114112K
  class space    used 1222K, committed 1344K, reserved 1048576K
}
Event: 1.314 GC heap after
{Heap after GC invocations=1 (full 0):
 garbage-first heap   total reserved 3624960K, committed 229376K, used 7960K [0x0000000722c00000, 0x0000000800000000)
  region size 2048K, 3 young (6144K), 3 survivors (6144K)
 Metaspace       used 10813K, committed 11072K, reserved 1114112K
  class space    used 1222K, committed 1344K, reserved 1048576K
}
Event: 2.319 GC heap before
{Heap before GC invocations=1 (full 0):
 garbage-first heap   total reserved 3624960K, committed 229376K, used 63256K [0x0000000722c00000, 0x0000000800000000)
  region size 2048K, 32 young (65536K), 3 survivors (6144K)
 Metaspace       used 21191K, committed 21504K, reserved 1114112K
  class space    used 2343K, committed 2432K, reserved 1048576K
}
Event: 2.330 GC heap after
{Heap after GC invocations=2 (full 0):
 garbage-first heap   total reserved 3624960K, committed 229376K, used 12389K [0x0000000722c00000, 0x0000000800000000)
  region size 2048K, 6 young (12288K), 6 survivors (12288K)
 Metaspace       used 21191K, committed 21504K, reserved 1114112K
  class space    used 2343K, committed 2432K, reserved 1048576K
}
Event: 3.127 GC heap before
{Heap before GC invocations=3 (full 0):
 garbage-first heap   total reserved 3624960K, committed 55296K, used 51301K [0x0000000722c00000, 0x0000000800000000)
  region size 2048K, 25 young (51200K), 6 survivors (12288K)
 Metaspace       used 26669K, committed 27136K, reserved 1114112K
  class space    used 3022K, committed 3200K, reserved 1048576K
}
Event: 3.138 GC heap after
{Heap after GC invocations=4 (full 0):
 garbage-first heap   total reserved 3624960K, committed 69632K, used 16127K [0x0000000722c00000, 0x0000000800000000)
  region size 2048K, 4 young (8192K), 4 survivors (8192K)
 Metaspace       used 26669K, committed 27136K, reserved 1114112K
  class space    used 3022K, committed 3200K, reserved 1048576K
}
Event: 16.062 GC heap before
{Heap before GC invocations=4 (full 0):
 garbage-first heap   total reserved 3624960K, committed 69632K, used 46847K [0x0000000722c00000, 0x0000000800000000)
  region size 2048K, 19 young (38912K), 4 survivors (8192K)
 Metaspace       used 30011K, committed 30528K, reserved 1114112K
  class space    used 3482K, committed 3712K, reserved 1048576K
}
Event: 16.074 GC heap after
{Heap after GC invocations=5 (full 0):
 garbage-first heap   total reserved 3624960K, committed 69632K, used 18275K [0x0000000722c00000, 0x0000000800000000)
  region size 2048K, 2 young (4096K), 2 survivors (4096K)
 Metaspace       used 30011K, committed 30528K, reserved 1114112K
  class space    used 3482K, committed 3712K, reserved 1048576K
}

Dll operation events (12 events):
Event: 0.012 Loaded shared library C:\Program Files\Java\jdk-24\bin\java.dll
Event: 0.167 Loaded shared library C:\Program Files\Java\jdk-24\bin\zip.dll
Event: 0.170 Loaded shared library C:\Program Files\Java\jdk-24\bin\instrument.dll
Event: 0.179 Loaded shared library C:\Program Files\Java\jdk-24\bin\net.dll
Event: 0.182 Loaded shared library C:\Program Files\Java\jdk-24\bin\nio.dll
Event: 0.187 Loaded shared library C:\Program Files\Java\jdk-24\bin\zip.dll
Event: 0.259 Loaded shared library C:\Program Files\Java\jdk-24\bin\jimage.dll
Event: 0.304 Loaded shared library C:\Program Files\Java\jdk-24\bin\extnet.dll
Event: 0.334 Loaded shared library C:\Program Files\Java\jdk-24\bin\management.dll
Event: 0.345 Loaded shared library C:\Program Files\Java\jdk-24\bin\management_ext.dll
Event: 1.744 Loaded shared library C:\Program Files\Java\jdk-24\bin\sunmscapi.dll
Event: 16.001 Loaded shared library C:\Users\User\AppData\Local\Temp\idea_libasyncProfiler_dll_temp_folder\libasyncProfiler.dll

Deoptimization events (0 events):
No events

Classes loaded (20 events):
Event: 16.178 Loading class jdk/jfr/internal/MetadataWriter
Event: 16.178 Loading class jdk/jfr/internal/MetadataWriter done
Event: 16.178 Loading class jdk/jfr/internal/MetadataDescriptor$Element
Event: 16.178 Loading class jdk/jfr/internal/MetadataDescriptor$Element done
Event: 16.179 Loading class jdk/jfr/internal/MetadataDescriptor$Attribute
Event: 16.179 Loading class jdk/jfr/internal/MetadataDescriptor$Attribute done
Event: 16.186 Loading class jdk/jfr/internal/consumer/StringParser$Encoding
Event: 16.186 Loading class jdk/jfr/internal/consumer/StringParser$Encoding done
Event: 16.193 Loading class jdk/jfr/internal/consumer/RepositoryFiles
Event: 16.194 Loading class jdk/jfr/internal/consumer/RepositoryFiles done
Event: 16.198 Loading class jdk/jfr/internal/SettingsManager$InternalSetting
Event: 16.198 Loading class jdk/jfr/internal/SettingsManager$InternalSetting done
Event: 16.199 Loading class jdk/jfr/internal/util/Rate
Event: 16.199 Loading class jdk/jfr/internal/util/Rate done
Event: 16.199 Loading class jdk/jfr/internal/util/TimespanUnit
Event: 16.199 Loading class jdk/jfr/internal/util/TimespanUnit done
Event: 16.200 Loading class jdk/jfr/internal/util/ValueParser
Event: 16.200 Loading class jdk/jfr/internal/util/ValueParser done
Event: 16.202 Loading class jdk/jfr/internal/periodic/PeriodicType
Event: 16.202 Loading class jdk/jfr/internal/periodic/PeriodicType done

Classes unloaded (0 events):
No events

Classes redefined (0 events):
No events

Internal exceptions (20 events):
Event: 2.885 Thread 0x000001dd5eeae720 Exception <a 'java/lang/NoSuchMethodError'{0x0000000723920d00}: 'int java.lang.invoke.DirectMethodHandle$Holder.invokeInterface(java.lang.Object, java.lang.Object, java.lang.Object, java.lang.Object)'> (0x0000000723920d00) 
thrown [s\open\src\hotspot\share\interpreter\linkResolver.cpp, line 805]
Event: 2.960 Thread 0x000001dd5eeae720 Exception <a 'java/lang/NoSuchMethodError'{0x00000007235600f0}: 'void java.lang.invoke.DirectMethodHandle$Holder.invokeVirtual(java.lang.Object, java.lang.Object, long)'> (0x00000007235600f0) 
thrown [s\open\src\hotspot\share\interpreter\linkResolver.cpp, line 805]
Event: 3.031 Thread 0x000001dd5eeae720 Exception <a 'java/lang/NoSuchMethodError'{0x00000007233cc570}: 'java.lang.Object java.lang.invoke.DirectMethodHandle$Holder.newInvokeSpecial(java.lang.Object, java.lang.Object, java.lang.Object, java.lang.Object, java.lang.Object, java.lang.Object, java.lang.Object, java.lang.Object)'> (0x00000007233cc570) 
thrown [s\open\src\hotspot\share\interpreter\linkResolver.cpp, line 805]
Event: 3.053 Thread 0x000001dd5eeae720 Exception <a 'java/io/IOException'{0x00000007230b34c8}> (0x00000007230b34c8) 
thrown [s\open\src\hotspot\share\prims\jni.cpp, line 518]
Event: 3.166 Thread 0x000001dd5eeae720 Exception <a 'java/lang/NoSuchMethodError'{0x00000007309997d0}: 'java.lang.Object java.lang.invoke.DirectMethodHandle$Holder.invokeSpecial(java.lang.Object, java.lang.Object, int, java.lang.Object, java.lang.Object)'> (0x00000007309997d0) 
thrown [s\open\src\hotspot\share\interpreter\linkResolver.cpp, line 805]
Event: 3.166 Thread 0x000001dd5eeae720 Exception <a 'java/lang/NoSuchMethodError'{0x00000007309a1e68}: 'java.lang.Object java.lang.invoke.DelegatingMethodHandle$Holder.delegate(java.lang.Object, int, java.lang.Object, java.lang.Object)'> (0x00000007309a1e68) 
thrown [s\open\src\hotspot\share\interpreter\linkResolver.cpp, line 805]
Event: 3.167 Thread 0x000001dd5eeae720 Exception <a 'java/lang/NoSuchMethodError'{0x00000007309c6000}: 'int java.lang.invoke.Invokers$Holder.linkToTargetMethod(java.lang.Object, java.lang.Object, java.lang.Object)'> (0x00000007309c6000) 
thrown [s\open\src\hotspot\share\interpreter\linkResolver.cpp, line 805]
Event: 3.210 Thread 0x000001dd5eeae720 Exception <a 'java/lang/IncompatibleClassChangeError'{0x000000072c61a078}: Found class java.lang.Object, but interface was expected> (0x000000072c61a078) 
thrown [s\open\src\hotspot\share\interpreter\linkResolver.cpp, line 872]
Event: 3.278 Thread 0x000001dd5eeae720 Exception <a 'java/lang/NoSuchMethodError'{0x000000072c57a950}: 'int java.lang.invoke.DirectMethodHandle$Holder.invokeStaticInit(java.lang.Object, java.lang.Object, java.lang.Object, java.lang.Object)'> (0x000000072c57a950) 
thrown [s\open\src\hotspot\share\interpreter\linkResolver.cpp, line 805]
Event: 3.369 Thread 0x000001dd5eeae720 Exception <a 'java/lang/NoSuchMethodError'{0x000000072bf016a0}: 'java.lang.Object java.lang.invoke.DirectMethodHandle$Holder.newInvokeSpecial(java.lang.Object, java.lang.Object, java.lang.Object, java.lang.Object, java.lang.Object, java.lang.Object, java.lang.Object, java.lang.Object, java.lang.Object, java.lang.Object, java.lang.Object, java.lang.Object, java.lang.Object)'> (0x000000072bf016a0) 
thrown [s\open\src\hotspot\share\interpreter\linkResolver.cpp, line 805]
Event: 3.453 Thread 0x000001dd5eeae720 Exception <a 'java/lang/NoSuchMethodError'{0x0000000724d5efd0}: 'void java.lang.invoke.DirectMethodHandle$Holder.invokeVirtual(java.lang.Object, java.lang.Object, float)'> (0x0000000724d5efd0) 
thrown [s\open\src\hotspot\share\interpreter\linkResolver.cpp, line 805]
Event: 3.501 Thread 0x000001dd5eeae720 Exception <a 'java/lang/NoSuchMethodError'{0x00000007248504c8}: 'java.lang.Object java.lang.invoke.DirectMethodHandle$Holder.newInvokeSpecial(java.lang.Object, java.lang.Object, int, java.lang.Object, java.lang.Object)'> (0x00000007248504c8) 
thrown [s\open\src\hotspot\share\interpreter\linkResolver.cpp, line 805]
Event: 3.881 Thread 0x000001dd461d0690 Exception <a 'java/lang/NoSuchMethodError'{0x00000007247a9bf0}: 'java.lang.Object java.lang.invoke.DirectMethodHandle$Holder.invokeInterface(java.lang.Object, java.lang.Object, java.lang.Object, java.lang.Object, java.lang.Object, java.lang.Object, java.lang.Object)'> (0x00000007247a9bf0) 
thrown [s\open\src\hotspot\share\interpreter\linkResolver.cpp, line 805]
Event: 3.884 Thread 0x000001dd461d0690 Exception <a 'java/lang/NoSuchMethodError'{0x00000007247fc9a8}: 'java.lang.Object java.lang.invoke.DirectMethodHandle$Holder.invokeStatic(java.lang.Object, java.lang.Object, java.lang.Object, java.lang.Object, java.lang.Object, java.lang.Object, java.lang.Object, java.lang.Object, java.lang.Object, java.lang.Object)'> (0x00000007247fc9a8) 
thrown [s\open\src\hotspot\share\interpreter\linkResolver.cpp, line 805]
Event: 16.165 Thread 0x000001dd719cc5e0 Exception <a 'java/lang/NoSuchMethodError'{0x000000072c871ca8}: 'void java.lang.invoke.DirectMethodHandle$Holder.invokeSpecial(java.lang.Object, java.lang.Object, int)'> (0x000000072c871ca8) 
thrown [s\open\src\hotspot\share\interpreter\linkResolver.cpp, line 805]
Event: 16.165 Thread 0x000001dd719cc5e0 Exception <a 'java/lang/NoSuchMethodError'{0x000000072c8798c8}: 'void java.lang.invoke.Invokers$Holder.invokeExact_MT(java.lang.Object, int, java.lang.Object)'> (0x000000072c8798c8) 
thrown [s\open\src\hotspot\share\interpreter\linkResolver.cpp, line 805]
Event: 16.167 Thread 0x000001dd719cc5e0 Exception <a 'java/lang/NoSuchMethodError'{0x000000072c89bb58}: 'java.lang.Object java.lang.invoke.DirectMethodHandle$Holder.newInvokeSpecial(java.lang.Object, java.lang.Object, int)'> (0x000000072c89bb58) 
thrown [s\open\src\hotspot\share\interpreter\linkResolver.cpp, line 805]
Event: 16.170 Thread 0x000001dd719cc5e0 Exception <a 'sun/nio/fs/WindowsException'{0x000000072c8df8b8}> (0x000000072c8df8b8) 
thrown [s\open\src\hotspot\share\prims\jni.cpp, line 518]
Event: 16.172 Thread 0x000001dd719cc5e0 Exception <a 'sun/nio/fs/WindowsException'{0x000000072c8ec660}> (0x000000072c8ec660) 
thrown [s\open\src\hotspot\share\prims\jni.cpp, line 518]
Event: 16.175 Thread 0x000001dd719cc5e0 Exception <a 'sun/nio/fs/WindowsException'{0x000000072c8fe2a8}> (0x000000072c8fe2a8) 
thrown [s\open\src\hotspot\share\prims\jni.cpp, line 518]

VM Operations (20 events):
Event: 2.903 Executing VM operation: HandshakeAllThreads (Deoptimize)
Event: 2.903 Executing VM operation: HandshakeAllThreads (Deoptimize) done
Event: 2.937 Executing VM operation: HandshakeAllThreads (Deoptimize)
Event: 2.937 Executing VM operation: HandshakeAllThreads (Deoptimize) done
Event: 3.097 Executing VM operation: HandshakeAllThreads (Deoptimize)
Event: 3.097 Executing VM operation: HandshakeAllThreads (Deoptimize) done
Event: 3.107 Executing VM operation: HandshakeAllThreads (Deoptimize)
Event: 3.107 Executing VM operation: HandshakeAllThreads (Deoptimize) done
Event: 3.127 Executing VM operation: G1CollectForAllocation (G1 Evacuation Pause)
Event: 3.138 Executing VM operation: G1CollectForAllocation (G1 Evacuation Pause) done
Event: 3.142 Executing VM operation: HandshakeAllThreads (Deoptimize)
Event: 3.142 Executing VM operation: HandshakeAllThreads (Deoptimize) done
Event: 3.219 Executing VM operation: HandshakeAllThreads (Deoptimize)
Event: 3.219 Executing VM operation: HandshakeAllThreads (Deoptimize) done
Event: 3.252 Executing VM operation: HandshakeAllThreads (Deoptimize)
Event: 3.252 Executing VM operation: HandshakeAllThreads (Deoptimize) done
Event: 16.062 Executing VM operation: G1CollectForAllocation (G1 Evacuation Pause)
Event: 16.074 Executing VM operation: G1CollectForAllocation (G1 Evacuation Pause) done
Event: 16.194 Executing VM operation: JFRSafepointClear
Event: 16.194 Executing VM operation: JFRSafepointClear done

Memory protections (0 events):
No events

Nmethod flushes (0 events):
No events

Events (20 events):
Event: 3.509 Thread 0x000001dd5eeae720 Thread added: 0x000001dd46f36710
Event: 3.509 Thread 0x000001dd5eeae720 Thread added: 0x000001dd46f35120
Event: 3.509 Thread 0x000001dd5eeae720 Thread added: 0x000001dd46f3a8e0
Event: 3.518 Thread 0x000001dd5eeae720 Thread added: 0x000001dd46f38450
Event: 3.519 Thread 0x000001dd5eeae720 Thread added: 0x000001dd46f36e60
Event: 3.535 Thread 0x000001dd5eeae720 Thread exited: 0x000001dd5eeae720
Event: 3.535 Thread 0x000001dd46f392f0 Thread added: 0x000001dd46f392f0
Event: 3.867 Thread 0x000001dd45b1f6f0 Thread added: 0x000001dd46f375b0
Event: 3.875 Thread 0x000001dd46f375b0 Thread exited: 0x000001dd46f375b0
Event: 3.875 Thread 0x000001dd461d0690 Thread added: 0x000001dd46f375b0
Event: 3.887 Thread 0x000001dd46f375b0 Thread exited: 0x000001dd46f375b0
Event: 3.889 Thread 0x000001dd461d0690 Thread added: 0x000001dd46f37d00
Event: 3.898 Thread 0x000001dd46f37d00 Thread exited: 0x000001dd46f37d00
Event: 5.518 Thread 0x000001dd467f3530 Thread exited: 0x000001dd467f3530
Event: 5.519 Thread 0x000001dd450dcc20 Thread exited: 0x000001dd450dcc20
Event: 5.519 Thread 0x000001dd45090ff0 Thread exited: 0x000001dd45090ff0
Event: 16.041 Thread 0x000001dd719cc5e0 Thread added: 0x000001dd46f375b0
Event: 16.112 Thread 0x000001dd719d21d0 Thread added: 0x000001dd4507e7e0
Event: 16.163 Thread 0x000001dd719d21d0 Thread added: 0x000001dd453d4820
Event: 16.167 Thread 0x000001dd719cc5e0 Thread added: 0x000001dd46f3b030


Dynamic libraries:
0x00007ff70bde0000 - 0x00007ff70bdf0000 	C:\Program Files\Java\jdk-24\bin\java.exe
0x00007ffb721d0000 - 0x00007ffb723c8000 	C:\Windows\SYSTEM32\ntdll.dll
0x00007ffb71fb0000 - 0x00007ffb72072000 	C:\Windows\System32\KERNEL32.DLL
0x00007ffb6fbb0000 - 0x00007ffb6fea6000 	C:\Windows\System32\KERNELBASE.dll
0x00007ffb6f9b0000 - 0x00007ffb6fab0000 	C:\Windows\System32\ucrtbase.dll
0x00007ffb4eb60000 - 0x00007ffb4eb7b000 	C:\Program Files\Java\jdk-24\bin\VCRUNTIME140.dll
0x00007ffb52740000 - 0x00007ffb52756000 	C:\Program Files\Java\jdk-24\bin\jli.dll
0x00007ffb70280000 - 0x00007ffb7041d000 	C:\Windows\System32\USER32.dll
0x00007ffb5d130000 - 0x00007ffb5d3ca000 	C:\Windows\WinSxS\amd64_microsoft.windows.common-controls_6595b64144ccf1df_6.0.19041.5915_none_60b4b9d171f9c7c7\COMCTL32.dll
0x00007ffb700a0000 - 0x00007ffb700c2000 	C:\Windows\System32\win32u.dll
0x00007ffb70970000 - 0x00007ffb70a0e000 	C:\Windows\System32\msvcrt.dll
0x00007ffb701f0000 - 0x00007ffb7021b000 	C:\Windows\System32\GDI32.dll
0x00007ffb700d0000 - 0x00007ffb701e9000 	C:\Windows\System32\gdi32full.dll
0x00007ffb6f860000 - 0x00007ffb6f8fd000 	C:\Windows\System32\msvcp_win.dll
0x00007ffb71250000 - 0x00007ffb7127f000 	C:\Windows\System32\IMM32.DLL
0x00007ffb6b6e0000 - 0x00007ffb6b6ec000 	C:\Program Files\Java\jdk-24\bin\vcruntime140_1.dll
0x00007ffb42140000 - 0x00007ffb421ce000 	C:\Program Files\Java\jdk-24\bin\msvcp140.dll
0x00007ffaf3370000 - 0x00007ffaf4112000 	C:\Program Files\Java\jdk-24\bin\server\jvm.dll
0x00007ffb71ee0000 - 0x00007ffb71f91000 	C:\Windows\System32\ADVAPI32.dll
0x00007ffb70b40000 - 0x00007ffb70bdf000 	C:\Windows\System32\sechost.dll
0x00007ffb70430000 - 0x00007ffb70553000 	C:\Windows\System32\RPCRT4.dll
0x00007ffb6fab0000 - 0x00007ffb6fad7000 	C:\Windows\System32\bcrypt.dll
0x00007ffb70be0000 - 0x00007ffb70c4b000 	C:\Windows\System32\WS2_32.dll
0x00007ffb6f610000 - 0x00007ffb6f65b000 	C:\Windows\SYSTEM32\POWRPROF.dll
0x00007ffb5e240000 - 0x00007ffb5e24a000 	C:\Windows\SYSTEM32\VERSION.dll
0x00007ffb5f500000 - 0x00007ffb5f527000 	C:\Windows\SYSTEM32\WINMM.dll
0x00007ffb6f5f0000 - 0x00007ffb6f602000 	C:\Windows\SYSTEM32\UMPDC.dll
0x00007ffb6d660000 - 0x00007ffb6d672000 	C:\Windows\SYSTEM32\kernel.appcore.dll
0x00007ffb683d0000 - 0x00007ffb683da000 	C:\Program Files\Java\jdk-24\bin\jimage.dll
0x00007ffb66db0000 - 0x00007ffb66fb1000 	C:\Windows\SYSTEM32\DBGHELP.DLL
0x00007ffb5f4c0000 - 0x00007ffb5f4f4000 	C:\Windows\SYSTEM32\dbgcore.DLL
0x00007ffb6feb0000 - 0x00007ffb6ff32000 	C:\Windows\System32\bcryptPrimitives.dll
0x00007ffb3e4e0000 - 0x00007ffb3e4ef000 	C:\Program Files\Java\jdk-24\bin\instrument.dll
0x00007ffb43810000 - 0x00007ffb4382e000 	C:\Program Files\Java\jdk-24\bin\java.dll
0x00007ffb70a10000 - 0x00007ffb70b3b000 	C:\Windows\System32\ole32.dll
0x00007ffb71410000 - 0x00007ffb71763000 	C:\Windows\System32\combase.dll
0x00007ffb71770000 - 0x00007ffb71ede000 	C:\Windows\System32\SHELL32.dll
0x00007ffb6d880000 - 0x00007ffb6e023000 	C:\Windows\SYSTEM32\windows.storage.dll
0x00007ffb6f0e0000 - 0x00007ffb6f10b000 	C:\Windows\SYSTEM32\Wldp.dll
0x00007ffb70c50000 - 0x00007ffb70d1d000 	C:\Windows\System32\OLEAUT32.dll
0x00007ffb72080000 - 0x00007ffb7212d000 	C:\Windows\System32\SHCORE.dll
0x00007ffb70220000 - 0x00007ffb7027b000 	C:\Windows\System32\shlwapi.dll
0x00007ffb6f790000 - 0x00007ffb6f7b5000 	C:\Windows\SYSTEM32\profapi.dll
0x00007ffb3e330000 - 0x00007ffb3e347000 	C:\Program Files\Java\jdk-24\bin\zip.dll
0x00007ffb5de60000 - 0x00007ffb5de70000 	C:\Program Files\Java\jdk-24\bin\net.dll
0x00007ffb6eec0000 - 0x00007ffb6ef2a000 	C:\Windows\system32\mswsock.dll
0x00007ffb437f0000 - 0x00007ffb43806000 	C:\Program Files\Java\jdk-24\bin\nio.dll
0x00007ffb46fd0000 - 0x00007ffb46fd9000 	C:\Program Files\Java\jdk-24\bin\extnet.dll
0x00007ffb6ec00000 - 0x00007ffb6ecca000 	C:\Windows\SYSTEM32\DNSAPI.dll
0x00007ffb6ebc0000 - 0x00007ffb6ebfb000 	C:\Windows\SYSTEM32\IPHLPAPI.DLL
0x00007ffb70420000 - 0x00007ffb70428000 	C:\Windows\System32\NSI.dll
0x00007ffb66da0000 - 0x00007ffb66daa000 	C:\Windows\System32\rasadhlp.dll
0x00007ffb66200000 - 0x00007ffb66280000 	C:\Windows\System32\fwpuclnt.dll
0x00007ffb3e2e0000 - 0x00007ffb3e2ea000 	C:\Program Files\Java\jdk-24\bin\management.dll
0x00007ffb3e2d0000 - 0x00007ffb3e2db000 	C:\Program Files\Java\jdk-24\bin\management_ext.dll
0x00007ffb71fa0000 - 0x00007ffb71fa8000 	C:\Windows\System32\PSAPI.DLL
0x00007ffb6f120000 - 0x00007ffb6f138000 	C:\Windows\SYSTEM32\CRYPTSP.dll
0x00007ffb6e800000 - 0x00007ffb6e838000 	C:\Windows\system32\rsaenh.dll
0x00007ffb6f710000 - 0x00007ffb6f73e000 	C:\Windows\SYSTEM32\USERENV.dll
0x00007ffb6f050000 - 0x00007ffb6f05c000 	C:\Windows\SYSTEM32\CRYPTBASE.dll
0x00007ffb4e130000 - 0x00007ffb4e147000 	C:\Windows\system32\napinsp.dll
0x00007ffb4cc60000 - 0x00007ffb4cc7b000 	C:\Windows\system32\pnrpnsp.dll
0x00007ffb6baf0000 - 0x00007ffb6bb0d000 	C:\Windows\system32\wshbth.dll
0x00007ffb6bd00000 - 0x00007ffb6bd1d000 	C:\Windows\system32\NLAapi.dll
0x00007ffb4d1e0000 - 0x00007ffb4d1f2000 	C:\Windows\System32\winrnr.dll
0x00007ffb56850000 - 0x00007ffb568a1000 	C:\Windows\SYSTEM32\pdh.dll
0x00007ffb6ce40000 - 0x00007ffb6ce4f000 	C:\Windows\System32\perfproc.dll
0x00007ffb6b730000 - 0x00007ffb6b73f000 	C:\Windows\System32\perfos.dll
0x00007ffb3e870000 - 0x00007ffb3e87e000 	C:\Program Files\Java\jdk-24\bin\sunmscapi.dll
0x00007ffb6ff40000 - 0x00007ffb7009d000 	C:\Windows\System32\CRYPT32.dll
0x00007ffb6f290000 - 0x00007ffb6f2b7000 	C:\Windows\SYSTEM32\ncrypt.dll
0x00007ffb6f240000 - 0x00007ffb6f27b000 	C:\Windows\SYSTEM32\NTASN1.dll
0x00007ffb49fe0000 - 0x00007ffb49fe7000 	C:\Windows\system32\wshunix.dll
0x00007ffb02460000 - 0x00007ffb02658000 	C:\Users\User\AppData\Local\Temp\idea_libasyncProfiler_dll_temp_folder\libasyncProfiler.dll

JVMTI agents:
C:\Users\User\AppData\Local\Programs\IntelliJ IDEA Ultimate\lib\idea_rt.jar path:C:\Program Files\Java\jdk-24\bin\instrument.dll, loaded, initialized, instrumentlib options:61069

dbghelp: loaded successfully - version: 4.0.5 - missing functions: none
symbol engine: initialized successfully - sym options: 0x614 - pdb path: .;C:\Program Files\Java\jdk-24\bin;C:\Windows\SYSTEM32;C:\Windows\WinSxS\amd64_microsoft.windows.common-controls_6595b64144ccf1df_6.0.19041.5915_none_60b4b9d171f9c7c7;C:\Program Files\Java\jdk-24\bin\server;C:\Users\User\AppData\Local\Temp\idea_libasyncProfiler_dll_temp_folder

VM Arguments:
jvm_args: -XX:TieredStopAtLevel=1 -Dspring.output.ansi.enabled=always -Dcom.sun.management.jmxremote -Dspring.jmx.enabled=true -Dspring.liveBeansView.mbeanDomain -Dspring.application.admin.enabled=true -Dmanagement.endpoints.jmx.exposure.include=* -javaagent:C:\Users\User\AppData\Local\Programs\IntelliJ IDEA Ultimate\lib\idea_rt.jar=61069 -Dfile.encoding=UTF-8 -Dsun.stdout.encoding=UTF-8 -Dsun.stderr.encoding=UTF-8 
java_command: com.keniding.notificationSystem.NotificationSystemApplication
java_class_path (initial): C:\Users\User\Documents\workspace\kafka\notification-system\build\classes\java\main;C:\Users\User\Documents\workspace\kafka\notification-system\build\resources\main;C:\Users\User\.gradle\caches\modules-2\files-2.1\org.springframework.boot\spring-boot-starter-web\3.5.0\29c6198f7e5cd7c4b9a27045d93879e161d6cdd0\spring-boot-starter-web-3.5.0.jar;C:\Users\User\.gradle\caches\modules-2\files-2.1\org.springframework.kafka\spring-kafka\3.3.6\7b80a444ab74745e4f5c272675eeecabfe0caea4\spring-kafka-3.3.6.jar;C:\Users\User\.gradle\caches\modules-2\files-2.1\org.springframework.boot\spring-boot-starter-json\3.5.0\af98a526ea3f68c179a6c6199bb1dbe864f43b93\spring-boot-starter-json-3.5.0.jar;C:\Users\User\.gradle\caches\modules-2\files-2.1\org.springframework.boot\spring-boot-starter\3.5.0\f8b02201e89d294514420a586624aa7338d61f4f\spring-boot-starter-3.5.0.jar;C:\Users\User\.gradle\caches\modules-2\files-2.1\org.springframework.boot\spring-boot-starter-tomcat\3.5.0\2e22a33e6f9444a7248581a23541fea5c1f6c216\spring-boot-starter-tomcat-3.5.0.jar;C:\Users\User\.gradle\caches\modules-2\files-2.1\org.springframework\spring-webmvc\6.2.7\a1954b3a51f585c6b8582831661fec981d2571e\spring-webmvc-6.2.7.jar;C:\Users\User\.gradle\caches\modules-2\files-2.1\org.springframework\spring-web\6.2.7\1bd08eba2f2fd69eef49473e42fe124a20e7f844\spring-web-6.2.7.jar;C:\Users\User\.gradle\caches\modules-2\files-2.1\org.springframework\spring-context\6.2.7\e0f3850bba7ff52016429e8d2fa39b5107f1fde6\spring-context-6.2.7.jar;C:\Users\User\.gradle\caches\modules-2\files-2.1\org.springframework\spring-messaging\6.2.7\4d969084e3b1915ce04d8768d89fe9c092191500\spring-messaging-6.2.7.jar;C:\Users\User\.gradle\caches\modules-2\files-2.1\org.springframework\spring-tx\6.2.7\6cf5d200c297fa8cc0b4cf39c1a20b310d2c3d52\spring-tx-6.2.7.jar;C:\Users\User\.gradle\caches\modules-2\files-2.1\org.springframework.retry\spring-retry\2.0.12\62a14736086ffd6f382f0df3bf066a5a34f174fa\spring-retry-2.0.12.jar;C:\Users\User\.gradle\caches\modules-2\files-2.1\org.apache.kafka\kafka-clients\3.9.1\86ca079953ed5606257ff298c24666b26da6985b\kafka-clients-3.9.1.jar;C:\Users\User\.gradle\caches\modules-2\files-2.1\io.micrometer\micrometer-observation\1.15.0\1bcd42cb00aead4d441038fa86b0e6b41922e254\micrometer-observation-1.15.0.jar;C:\Users\User\.gradle\caches\modules-2\files-2.1\com.fasterxml.jackson.datatype\jackson-datatype-jsr310\2.19.0\4c98a2fa8b35b5ffe102438f747f7b526619fde7\jackson-datatype-jsr310-2.19.0.jar;C:\Users\User\.gradle\caches\modules-2\files-2.1\com.fasterxml.jackson.module\jackson-module-parameter-names\2.19.0\4963234952362539ca73c85b6a423c851f04f1d\jackson-module-parameter-names-2.19.0.jar;C:\Users\User\.gradle\caches\modules-2\files-2.1\com.fasterxml.jackson.datatype\jackson-datatype-jdk8\2.19.0\69312135ff6d6646203b9681fa48505f369210a6\jackson-datatype-jdk8-2.19.0.jar;C:\Users\User\.gradle\caches\modules-2\files-2.1\com.fasterxml.jackson.core\jackson-databind\2.19.0\b3f7506f6414fb04760561eec11a0880165c2a4a\jackson-databind-2.19.0.jar;C:\Users\User\.gradle\caches\modules-2\files-2.1\org.springframework.boot\spring-boot-autoconfigure\3.5.0\a7f8ba40022dd75f20ac0eafe117437a1a7f3935\spring-boot-autoconfigure-3.5.0.jar;C:\Users\User\.gradle\caches\modules-2\files-2.1\org.springframework.boot\spring-boot\3.5.0\ec86afc460265a0219bfafe187acb6c596ac2de1\spring-boot-3.5.0.jar;C:\Users\User\.gradle\caches\modules-2\files-2.1\org.springframework.boot\spring-boot-starter-logging\3.5.0\7db0461d8895f00a9841bf5558501fe90e7eba4c\spring-boot-starter-logging-3.5.0.jar;C:\Users\User\.gradle\caches\modules-2\files-2.1\jakarta.annotation\jakarta.annotation-api\2.1.1\48b9bda22b091b1f48b13af03fe36db3be6e1ae3\jakarta.annotation-api-2.1.1.jar;C:\Users\User\.gradle\caches\modules-2\files-2.1\org.springframework\spring-core\6.2.7\525a228b8b4323568b7aa9e49c1e1df27838adf1\spring-core-6.2.7.jar;C:\Users\User\.gradle\caches\modules-2\files-2.1\org.yaml\snakeyaml\2.4\e0666b825b796f85521f02360e77f4c92c5a7a07\snakeyaml-2.4.jar;C:\Users\User\.gradle\caches\modules-2\files-2.1\org.apache.tomcat.embed\tomcat-embed-websocket\10.1.41\d696393d5949252ed8d561184df118b3ca5efd07\tomcat-embed-websocket-10.1.41.jar;C:\Users\User\.gradle\caches\modules-2\files-2.1\org.apache.tomcat.embed\tomcat-embed-core\10.1.41\bcf9c79a4508fd36c93babc83823c09b3aa2d510\tomcat-embed-core-10.1.41.jar;C:\Users\User\.gradle\caches\modules-2\files-2.1\org.apache.tomcat.embed\tomcat-embed-el\10.1.41\5ca28d87f558ce31b9952dc9592f46633dc5d7a3\tomcat-embed-el-10.1.41.jar;C:\Users\User\.gradle\caches\modules-2\files-2.1\org.springframework\spring-aop\6.2.7\3df3ee9217cb62e65382718351e56f1eeb76e74c\spring-aop-6.2.7.jar;C:\Users\User\.gradle\caches\modules-2\files-2.1\org.springframework\spring-beans\6.2.7\64119950b73943f67196705e43acddd7bf714c45\spring-beans-6.2.7.jar;C:\Users\User\.gradle\caches\modules-2\files-2.1\org.springframework\spring-expression\6.2.7\fa525916c85df246fcb70c771d039523dd6f12d9\spring-expression-6.2.7.jar;C:\Users\User\.gradle\caches\modules-2\files-2.1\io.micrometer\micrometer-commons\1.15.0\a796f0418b2e0fe42988a1ca6e240d8b3fb5e954\micrometer-commons-1.15.0.jar;C:\Users\User\.gradle\caches\modules-2\files-2.1\com.fasterxml.jackson.core\jackson-annotations\2.19.0\fd1e7c56de1e5b658563c8c66d5074cceb4e3a0b\jackson-annotations-2.19.0.jar;C:\Users\User\.gradle\caches\modules-2\files-2.1\com.fasterxml.jackson.core\jackson-core\2.19.0\a90640e59ea42632a8e331ff1d6b706cf306050a\jackson-core-2.19.0.jar;C:\Users\User\.gradle\caches\modules-2\files-2.1\ch.qos.logback\logback-classic\1.5.18\fc371f3fc97a639de2d67947cffb7518ec5e3d40\logback-classic-1.5.18.jar;C:\Users\User\.gradle\caches\modules-2\files-2.1\org.apache.logging.log4j\log4j-to-slf4j\2.24.3\da1143e2a2531ee1c2d90baa98eb50a28a39d5a7\log4j-to-slf4j-2.24.3.jar;C:\Users\User\.gradle\caches\modules-2\files-2.1\org.slf4j\jul-to-slf4j\2.0.17\524cb6ccc2b68a57604750e1ab8b13b5a786a6aa\jul-to-slf4j-2.0.17.jar;C:\Users\User\.gradle\caches\modules-2\files-2.1\org.springframework\spring-jcl\6.2.7\16b5f3446a6fcf097f4910c935086d08db657653\spring-jcl-6.2.7.jar;C:\Users\User\.gradle\caches\modules-2\files-2.1\ch.qos.logback\logback-core\1.5.18\6c0375624f6f36b4e089e2488ba21334a11ef13f\logback-core-1.5.18.jar;C:\Users\User\.gradle\caches\modules-2\files-2.1\org.slf4j\slf4j-api\2.0.17\d9e58ac9c7779ba3bf8142aff6c830617a7fe60f\slf4j-api-2.0.17.jar;C:\Users\User\.gradle\caches\modules-2\files-2.1\org.apache.logging.log4j\log4j-api\2.24.3\b02c125db8b6d295adf72ae6e71af5d83bce2370\log4j-api-2.24.3.jar;C:\Users\User\.gradle\caches\modules-2\files-2.1\com.github.luben\zstd-jni\1.5.6-4\ba9e303e0b5e94cdd0017390d7d8c06f47fd61f7\zstd-jni-1.5.6-4.jar;C:\Users\User\.gradle\caches\modules-2\files-2.1\org.lz4\lz4-java\1.8.0\4b986a99445e49ea5fbf5d149c4b63f6ed6c6780\lz4-java-1.8.0.jar;C:\Users\User\.gradle\caches\modules-2\files-2.1\org.xerial.snappy\snappy-java\1.1.10.5\ac605269f3598506196e469f1fb0d7ed5c55059e\snappy-java-1.1.10.5.jar
Launcher Type: SUN_STANDARD

[Global flags]
     intx CICompilerCount                          = 4                                         {product} {ergonomic}
     uint ConcGCThreads                            = 2                                         {product} {ergonomic}
     bool FlightRecorder                           = true                                      {product} {management}
     uint G1ConcRefinementThreads                  = 8                                         {product} {ergonomic}
   size_t G1HeapRegionSize                         = 2097152                                   {product} {ergonomic}
   size_t InitialHeapSize                          = 232783872                                 {product} {ergonomic}
     bool ManagementServer                         = true                                      {product} {command line}
   size_t MarkStackSize                            = 4194304                                   {product} {ergonomic}
   size_t MarkStackSizeMax                         = 536870912                                 {product} {ergonomic}
   size_t MaxHeapSize                              = 3711959040                                {product} {ergonomic}
   size_t MaxNewSize                               = 2227175424                                {product} {ergonomic}
   size_t MinHeapDeltaBytes                        = 2097152                                   {product} {ergonomic}
   size_t MinHeapSize                              = 8388608                                   {product} {ergonomic}
    uintx NonNMethodCodeHeapSize                   = 4096                                   {pd product} {ergonomic}
    uintx NonProfiledCodeHeapSize                  = 0                                      {pd product} {ergonomic}
     bool ProfileInterpreter                       = false                                  {pd product} {command line}
    uintx ProfiledCodeHeapSize                     = 0                                      {pd product} {ergonomic}
   size_t SoftMaxHeapSize                          = 3711959040                             {manageable} {ergonomic}
     intx TieredStopAtLevel                        = 1                                         {product} {command line}
     bool UseCompressedOops                        = true                           {product lp64_product} {ergonomic}
     bool UseG1GC                                  = true                                      {product} {ergonomic}
     bool UseLargePagesIndividualAllocation        = false                                  {pd product} {ergonomic}

Logging:
Log output configuration:
 #0: stdout all=warning uptime,level,tags foldmultilines=false
 #1: stderr all=off uptime,level,tags foldmultilines=false

Environment Variables:
PATH=C:\Users\User\miniconda3;C:\Users\User\miniconda3\Library\mingw-w64\bin;C:\Users\User\miniconda3\Library\usr\bin;C:\Users\User\miniconda3\Library\bin;C:\Users\User\miniconda3\Scripts;C:\Users\User\miniconda3\bin;C:\Users\User\miniconda3\condabin;C:\Program Files\PowerShell\7;C:\Program Files\Common Files\Oracle\Java\javapath;C:\maven-mvnd-1.0.2-windows-amd64\bin;C:\Windows\system32;C:\Windows;C:\Windows\System32\Wbem;C:\Windows\System32\WindowsPowerShell\v1.0;C:\Windows\System32\OpenSSH;C:\Program Files\Docker\Docker\resources\bin;C:\Users\User\AppData\Local\nvm;C:\nvm4w\nodejs;C:\Program Files\Git\cmd;C:\Program Files\Amazon\AWSCLIV2;C:\Program Files\PowerShell\7;C:\xampp\php;C:\composer;C:\Users\User\.console-ninja\.bin;C:\Users\User\miniconda3;C:\Users\User\miniconda3\Scripts;C:\Users\User\miniconda3\Library\bin;C:\Users\User\AppData\Local\Programs\oh-my-posh\bin;C:\Users\User\AppData\Local\Programs\Python\Python313\Scripts;C:\Users\User\AppData\Local\Programs\Python\Python313;C:\Users\User\AppData\Local\Programs\Python\Launcher;C:\Users\User\AppData\Local\Microsoft\WindowsApps;C:\Users\User\AppData\Local\JetBrains\Toolbox\scripts;C:\Users\User\AppData\Local\Programs\Microsoft VS Code\bin;C:\maven-mvnd-1.0.2-windows-amd64\bin;C:\Users\User\AppData\Local\nvm;C:\nvm4w\nodejs;C:\Users\User\.bun\bin;C:\Users\User\AppData\Local\GitHubDesktop\bin;C:\Users\User\AppData\Roaming\Composer\vendor\bin
USERNAME=User
OS=Windows_NT
PROCESSOR_IDENTIFIER=AMD64 Family 23 Model 160 Stepping 0, AuthenticAMD
TMP=C:\Users\User\AppData\Local\Temp
TEMP=C:\Users\User\AppData\Local\Temp




Periodic native trim disabled

---------------  S Y S T E M  ---------------

OS:
 Windows 10 , 64 bit Build 19041 (10.0.19041.5915)
OS uptime: 5 days 2:06 hours
Hyper-V role detected

CPU: total 8 (initial active 8) (8 cores per cpu, 2 threads per core) family 23 model 160 stepping 0 microcode 0x0, cx8, cmov, fxsr, ht, mmx, 3dnowpref, sse, sse2, sse3, ssse3, sse4a, sse4.1, sse4.2, popcnt, lzcnt, tsc, tscinvbit, avx, avx2, aes, clmul, bmi1, bmi2, adx, sha, fma, vzeroupper, clflush, clflushopt, hv, rdtscp, rdpid, f16c
Processor Information for the first 8 processors :
  Max Mhz: 2801, Current Mhz: 2801, Mhz Limit: 2801

Memory: 4k page, system-wide physical 14157M (1399M free)
TotalPageFile size 32617M (AvailPageFile size 12295M)
current process WorkingSet (physical memory assigned to process): 171M, peak: 171M
current process commit charge ("private bytes"): 237M, peak: 353M

vm_info: Java HotSpot(TM) 64-Bit Server VM (24.0.1+9-30) for windows-amd64 JRE (24.0.1+9-30), built on 2025-03-05T07:23:45Z with MS VC++ 17.6 (VS2022)

END.
